2024-12-09 00:17:04,542 = INFO - init_scraper - Initialising browser
2024-12-09 00:17:05,215 = INFO - _linkedin - Navigating to url...
2024-12-09 00:17:07,692 = INFO - _linkedin_handler - Searching for cards...
2024-12-09 00:17:09,206 = INFO - get_response - Fetching response...
2024-12-09 00:17:10,500 = INFO - _write_to_file - Writing to C:\Users\ADMIN\Cloned_Projects\job-scraper\data.json
2024-12-09 00:17:11,503 = INFO - get_response - Finshed getting response
2024-12-09 00:17:12,002 = INFO - get_response - Fetching response...
2024-12-09 00:17:17,128 = ERROR - get_response - <class 'json.decoder.JSONDecodeError'> Expecting value: line 21 column 18 (char 1417)
2024-12-09 00:17:17,627 = INFO - get_response - Fetching response...
2024-12-09 00:17:20,452 = INFO - _write_to_file - Writing to C:\Users\ADMIN\Cloned_Projects\job-scraper\data.json
2024-12-09 00:17:21,454 = INFO - get_response - Finshed getting response
2024-12-09 00:17:21,934 = INFO - get_response - Fetching response...
2024-12-09 00:17:24,137 = INFO - _write_to_file - Writing to C:\Users\ADMIN\Cloned_Projects\job-scraper\data.json
2024-12-09 00:17:25,173 = INFO - get_response - Finshed getting response
2024-12-09 00:17:25,683 = INFO - get_response - Fetching response...
2024-12-09 00:17:29,684 = ERROR - get_response - <class 'json.decoder.JSONDecodeError'> Expecting value: line 18 column 18 (char 868)
2024-12-09 00:17:30,199 = INFO - get_response - Fetching response...
2024-12-09 00:17:33,624 = INFO - _write_to_file - Writing to C:\Users\ADMIN\Cloned_Projects\job-scraper\data.json
2024-12-09 00:17:34,642 = INFO - get_response - Finshed getting response
2024-12-09 00:17:35,150 = INFO - get_response - Fetching response...
2024-12-09 00:17:35,473 = INFO - _linkedin_handler - Searching for paginations...
2024-12-09 00:17:35,525 = INFO - _linkedin_handler - Clicking page 2
2024-12-09 00:17:37,131 = INFO - _linkedin_handler - Searching for cards...
2024-12-09 00:17:39,715 = INFO - _write_to_file - Writing to C:\Users\ADMIN\Cloned_Projects\job-scraper\data.json
2024-12-09 00:17:40,716 = INFO - get_response - Finshed getting response
2024-12-09 00:17:41,232 = INFO - get_response - Fetching response...
2024-12-09 00:17:43,220 = ERROR - get_response - <class 'json.decoder.JSONDecodeError'> Expecting value: line 7 column 18 (char 184)
2024-12-09 00:17:43,740 = INFO - get_response - Fetching response...
2024-12-09 00:17:47,416 = ERROR - get_response - <class 'json.decoder.JSONDecodeError'> Expecting value: line 13 column 18 (char 565)
2024-12-09 00:17:47,918 = INFO - get_response - Fetching response...
2024-12-09 00:17:53,858 = ERROR - get_response - <class 'json.decoder.JSONDecodeError'> Expecting value: line 18 column 18 (char 1490)
2024-12-09 00:17:54,383 = INFO - get_response - Fetching response...
2024-12-09 00:17:58,802 = INFO - _write_to_file - Writing to C:\Users\ADMIN\Cloned_Projects\job-scraper\data.json
2024-12-09 00:17:59,793 = INFO - get_response - Finshed getting response
2024-12-09 00:18:00,312 = INFO - get_response - Fetching response...
2024-12-09 00:18:03,471 = ERROR - get_response - <class 'json.decoder.JSONDecodeError'> Expecting value: line 13 column 18 (char 452)
2024-12-09 00:18:03,968 = INFO - get_response - Fetching response...
2024-12-09 00:18:06,516 = INFO - _linkedin_handler - Searching for paginations...
2024-12-09 00:18:06,551 = INFO - _linkedin_handler - Clicking page 3
2024-12-09 00:18:08,134 = INFO - _linkedin_handler - Searching for cards...
2024-12-09 00:18:08,793 = INFO - _write_to_file - Writing to C:\Users\ADMIN\Cloned_Projects\job-scraper\data.json
2024-12-09 00:18:09,797 = INFO - get_response - Finshed getting response
2024-12-09 00:18:10,299 = INFO - get_response - Fetching response...
2024-12-09 00:18:15,737 = INFO - _write_to_file - Writing to C:\Users\ADMIN\Cloned_Projects\job-scraper\data.json
2024-12-09 00:18:16,733 = INFO - get_response - Finshed getting response
2024-12-09 00:18:17,216 = INFO - get_response - Fetching response...
2024-12-09 00:18:20,356 = INFO - _write_to_file - Writing to C:\Users\ADMIN\Cloned_Projects\job-scraper\data.json
2024-12-09 00:18:21,370 = INFO - get_response - Finshed getting response
2024-12-09 00:18:21,849 = INFO - get_response - Fetching response...
2024-12-09 00:18:28,284 = INFO - _write_to_file - Writing to C:\Users\ADMIN\Cloned_Projects\job-scraper\data.json
2024-12-09 00:18:29,293 = INFO - get_response - Finshed getting response
2024-12-09 00:18:29,799 = INFO - get_response - Fetching response...
2024-12-09 00:18:33,302 = INFO - _write_to_file - Writing to C:\Users\ADMIN\Cloned_Projects\job-scraper\data.json
2024-12-09 00:18:34,300 = INFO - get_response - Finshed getting response
2024-12-09 00:18:34,813 = INFO - get_response - Fetching response...
2024-12-09 00:18:37,346 = ERROR - get_response - <class 'json.decoder.JSONDecodeError'> Expecting value: line 9 column 15 (char 191)
2024-12-09 00:18:37,856 = INFO - get_response - Fetching response...
2024-12-09 00:18:40,136 = INFO - _linkedin_handler - Searching for paginations...
2024-12-09 00:18:40,259 = INFO - _linkedin_handler - Clicking page 3
2024-12-09 00:18:41,317 = INFO - _linkedin_handler - Searching for cards...
2024-12-09 00:18:41,866 = ERROR - get_response - <class 'json.decoder.JSONDecodeError'> Expecting value: line 14 column 18 (char 684)
2024-12-09 00:18:42,346 = INFO - get_response - Fetching response...
2024-12-09 00:18:46,089 = ERROR - get_response - <class 'json.decoder.JSONDecodeError'> Expecting value: line 10 column 18 (char 515)
2024-12-09 00:18:46,595 = INFO - get_response - Fetching response...
2024-12-09 00:18:50,213 = INFO - _write_to_file - Writing to C:\Users\ADMIN\Cloned_Projects\job-scraper\data.json
2024-12-09 00:18:51,190 = INFO - get_response - Finshed getting response
2024-12-09 00:18:51,703 = INFO - get_response - Fetching response...
2024-12-09 00:18:54,808 = ERROR - get_response - <class 'json.decoder.JSONDecodeError'> Expecting value: line 9 column 15 (char 189)
2024-12-09 00:18:55,334 = INFO - get_response - Fetching response...
2024-12-09 00:18:58,543 = INFO - _write_to_file - Writing to C:\Users\ADMIN\Cloned_Projects\job-scraper\data.json
2024-12-09 00:18:59,551 = INFO - get_response - Finshed getting response
2024-12-09 00:19:00,046 = INFO - get_response - Fetching response...
2024-12-09 00:19:08,762 = INFO - _write_to_file - Writing to C:\Users\ADMIN\Cloned_Projects\job-scraper\data.json
2024-12-09 00:19:09,776 = INFO - get_response - Finshed getting response
2024-12-09 00:19:10,264 = INFO - get_response - Fetching response...
2024-12-09 00:19:13,302 = INFO - _linkedin_handler - Searching for paginations...
2024-12-09 00:19:13,342 = INFO - _linkedin_handler - Clicking page 4
2024-12-09 00:19:14,989 = INFO - _linkedin_handler - Searching for cards...
2024-12-09 00:19:15,179 = INFO - _write_to_file - Writing to C:\Users\ADMIN\Cloned_Projects\job-scraper\data.json
2024-12-09 00:19:16,205 = INFO - get_response - Finshed getting response
2024-12-09 00:19:16,689 = INFO - get_response - Fetching response...
2024-12-09 00:19:22,927 = ERROR - get_response - <class 'json.decoder.JSONDecodeError'> Expecting value: line 13 column 18 (char 814)
2024-12-09 00:19:23,441 = INFO - get_response - Fetching response...
2024-12-09 00:19:29,464 = ERROR - get_response - <class 'json.decoder.JSONDecodeError'> Expecting value: line 15 column 18 (char 817)
2024-12-09 00:19:29,989 = INFO - get_response - Fetching response...
2024-12-09 00:19:36,917 = INFO - _write_to_file - Writing to C:\Users\ADMIN\Cloned_Projects\job-scraper\data.json
2024-12-09 00:19:37,944 = INFO - get_response - Finshed getting response
2024-12-09 00:19:38,443 = INFO - get_response - Fetching response...
2024-12-09 00:19:43,017 = INFO - _write_to_file - Writing to C:\Users\ADMIN\Cloned_Projects\job-scraper\data.json
2024-12-09 00:19:44,016 = INFO - get_response - Finshed getting response
2024-12-09 00:19:44,528 = INFO - get_response - Fetching response...
2024-12-09 00:19:45,669 = INFO - _linkedin_handler - Searching for paginations...
2024-12-09 00:19:45,833 = INFO - _linkedin_handler - Clicking page 4
2024-12-09 00:19:46,943 = INFO - _linkedin_handler - Searching for cards...
2024-12-09 00:19:49,857 = INFO - _write_to_file - Writing to C:\Users\ADMIN\Cloned_Projects\job-scraper\data.json
2024-12-09 00:19:50,877 = INFO - get_response - Finshed getting response
2024-12-09 00:19:51,389 = INFO - get_response - Fetching response...
2024-12-09 00:19:55,884 = ERROR - get_response - <class 'json.decoder.JSONDecodeError'> Expecting value: line 12 column 15 (char 390)
2024-12-09 00:19:56,396 = INFO - get_response - Fetching response...
2024-12-09 00:20:01,208 = INFO - _write_to_file - Writing to C:\Users\ADMIN\Cloned_Projects\job-scraper\data.json
2024-12-09 00:20:02,205 = INFO - get_response - Finshed getting response
2024-12-09 00:20:02,686 = INFO - get_response - Fetching response...
2024-12-09 00:20:07,845 = ERROR - get_response - <class 'json.decoder.JSONDecodeError'> Expecting value: line 13 column 18 (char 927)
2024-12-09 00:20:08,357 = INFO - get_response - Fetching response...
2024-12-09 00:20:14,889 = INFO - _linkedin_handler - Searching for paginations...
2024-12-09 00:20:14,923 = INFO - _linkedin_handler - Clicking page 4
2024-12-09 00:20:15,181 = INFO - _write_to_file - Writing to C:\Users\ADMIN\Cloned_Projects\job-scraper\data.json
2024-12-09 00:20:15,960 = INFO - _linkedin_handler - Searching for cards...
2024-12-09 00:20:16,195 = INFO - get_response - Finshed getting response
2024-12-09 00:20:16,689 = INFO - get_response - Fetching response...
2024-12-09 00:20:21,449 = INFO - _write_to_file - Writing to C:\Users\ADMIN\Cloned_Projects\job-scraper\data.json
2024-12-09 00:20:22,463 = INFO - get_response - Finshed getting response
2024-12-09 00:20:22,963 = INFO - get_response - Fetching response...
2024-12-09 00:20:29,350 = INFO - _write_to_file - Writing to C:\Users\ADMIN\Cloned_Projects\job-scraper\data.json
2024-12-09 00:20:30,361 = INFO - get_response - Finshed getting response
2024-12-09 00:20:30,871 = INFO - get_response - Fetching response...
2024-12-09 00:20:36,744 = INFO - _write_to_file - Writing to C:\Users\ADMIN\Cloned_Projects\job-scraper\data.json
2024-12-09 00:20:37,774 = INFO - get_response - Finshed getting response
2024-12-09 00:20:38,280 = INFO - get_response - Fetching response...
2024-12-09 00:20:44,771 = ERROR - get_response - <class 'json.decoder.JSONDecodeError'> Expecting value: line 14 column 18 (char 832)
2024-12-09 00:20:45,285 = INFO - get_response - Fetching response...
2024-12-09 00:20:49,260 = INFO - _write_to_file - Writing to C:\Users\ADMIN\Cloned_Projects\job-scraper\data.json
2024-12-09 00:20:49,832 = INFO - _linkedin_handler - Searching for paginations...
2024-12-09 00:20:49,872 = INFO - _linkedin_handler - Clicking page 4
2024-12-09 00:20:50,277 = INFO - get_response - Finshed getting response
2024-12-09 00:20:50,792 = INFO - get_response - Fetching response...
2024-12-09 00:20:50,914 = INFO - _linkedin_handler - Searching for cards...
2024-12-09 00:20:57,254 = INFO - _write_to_file - Writing to C:\Users\ADMIN\Cloned_Projects\job-scraper\data.json
2024-12-09 00:20:58,250 = INFO - get_response - Finshed getting response
2024-12-09 00:20:58,769 = INFO - get_response - Fetching response...
2024-12-09 00:21:03,332 = INFO - _write_to_file - Writing to C:\Users\ADMIN\Cloned_Projects\job-scraper\data.json
2024-12-09 00:21:04,308 = INFO - get_response - Finshed getting response
2024-12-09 00:21:04,814 = INFO - get_response - Fetching response...
2024-12-09 00:21:10,709 = INFO - _write_to_file - Writing to C:\Users\ADMIN\Cloned_Projects\job-scraper\data.json
2024-12-09 00:21:11,706 = INFO - get_response - Finshed getting response
2024-12-09 00:21:12,218 = INFO - get_response - Fetching response...
2024-12-09 00:21:17,801 = INFO - _write_to_file - Writing to C:\Users\ADMIN\Cloned_Projects\job-scraper\data.json
2024-12-09 00:21:18,805 = INFO - get_response - Finshed getting response
2024-12-09 00:21:19,294 = INFO - get_response - Fetching response...
2024-12-09 00:21:21,197 = INFO - _linkedin_handler - Searching for paginations...
2024-12-09 00:21:21,235 = INFO - _linkedin_handler - Clicking page 5
2024-12-09 00:21:22,626 = INFO - _linkedin_handler - Searching for cards...
2024-12-09 00:21:27,232 = INFO - _write_to_file - Writing to C:\Users\ADMIN\Cloned_Projects\job-scraper\data.json
2024-12-09 00:21:28,247 = INFO - get_response - Finshed getting response
2024-12-09 00:21:28,759 = INFO - get_response - Fetching response...
2024-12-09 00:21:34,633 = INFO - _write_to_file - Writing to C:\Users\ADMIN\Cloned_Projects\job-scraper\data.json
2024-12-09 00:21:35,646 = INFO - get_response - Finshed getting response
2024-12-09 00:21:36,162 = INFO - get_response - Fetching response...
2024-12-09 00:21:42,003 = INFO - _write_to_file - Writing to C:\Users\ADMIN\Cloned_Projects\job-scraper\data.json
2024-12-09 00:21:43,010 = INFO - get_response - Finshed getting response
2024-12-09 00:21:43,496 = INFO - get_response - Fetching response...
2024-12-09 00:21:51,059 = INFO - _linkedin_handler - Searching for paginations...
2024-12-09 00:21:51,100 = INFO - _linkedin_handler - Clicking page 5
2024-12-09 00:21:51,761 = INFO - _write_to_file - Writing to C:\Users\ADMIN\Cloned_Projects\job-scraper\data.json
2024-12-09 00:21:52,148 = INFO - _linkedin_handler - Searching for cards...
2024-12-09 00:21:52,763 = INFO - get_response - Finshed getting response
2024-12-09 00:21:53,278 = INFO - get_response - Fetching response...
2024-12-09 00:22:01,366 = INFO - _write_to_file - Writing to C:\Users\ADMIN\Cloned_Projects\job-scraper\data.json
2024-12-09 00:22:02,385 = INFO - get_response - Finshed getting response
2024-12-09 00:22:02,883 = INFO - get_response - Fetching response...
2024-12-09 00:22:06,150 = INFO - _write_to_file - Writing to C:\Users\ADMIN\Cloned_Projects\job-scraper\data.json
2024-12-09 00:22:07,156 = INFO - get_response - Finshed getting response
2024-12-09 00:22:07,652 = INFO - get_response - Fetching response...
2024-12-09 00:22:11,225 = INFO - _write_to_file - Writing to C:\Users\ADMIN\Cloned_Projects\job-scraper\data.json
2024-12-09 00:22:12,233 = INFO - get_response - Finshed getting response
2024-12-09 00:22:12,738 = INFO - get_response - Fetching response...
2024-12-09 00:22:19,350 = INFO - _write_to_file - Writing to C:\Users\ADMIN\Cloned_Projects\job-scraper\data.json
2024-12-09 00:22:20,342 = INFO - get_response - Finshed getting response
2024-12-09 00:22:20,841 = INFO - get_response - Fetching response...
2024-12-09 00:22:21,443 = INFO - _linkedin_handler - Searching for paginations...
2024-12-09 00:22:21,493 = INFO - _linkedin_handler - Clicking page 5
2024-12-09 00:22:22,539 = INFO - _linkedin_handler - Searching for cards...
2024-12-09 00:22:26,133 = INFO - _write_to_file - Writing to C:\Users\ADMIN\Cloned_Projects\job-scraper\data.json
2024-12-09 00:22:27,134 = INFO - get_response - Finshed getting response
2024-12-09 00:22:27,642 = INFO - get_response - Fetching response...
2024-12-09 00:22:31,613 = INFO - _write_to_file - Writing to C:\Users\ADMIN\Cloned_Projects\job-scraper\data.json
2024-12-09 00:22:32,594 = INFO - get_response - Finshed getting response
2024-12-09 00:22:33,103 = INFO - get_response - Fetching response...
2024-12-09 00:22:39,645 = INFO - _write_to_file - Writing to C:\Users\ADMIN\Cloned_Projects\job-scraper\data.json
2024-12-09 00:22:40,654 = INFO - get_response - Finshed getting response
2024-12-09 00:22:41,176 = INFO - get_response - Fetching response...
2024-12-09 00:22:45,108 = INFO - _write_to_file - Writing to C:\Users\ADMIN\Cloned_Projects\job-scraper\data.json
2024-12-09 00:22:46,122 = INFO - get_response - Finshed getting response
2024-12-09 00:22:46,625 = INFO - get_response - Fetching response...
2024-12-09 00:22:52,360 = INFO - _write_to_file - Writing to C:\Users\ADMIN\Cloned_Projects\job-scraper\data.json
2024-12-09 00:22:53,341 = INFO - get_response - Finshed getting response
2024-12-09 00:22:53,841 = INFO - get_response - Fetching response...
2024-12-09 00:22:54,140 = INFO - _linkedin_handler - Searching for paginations...
2024-12-09 00:22:54,196 = INFO - _linkedin_handler - Clicking page 5
2024-12-09 00:22:55,272 = INFO - _linkedin_handler - Searching for cards...
2024-12-09 00:22:59,379 = INFO - _write_to_file - Writing to C:\Users\ADMIN\Cloned_Projects\job-scraper\data.json
2024-12-09 00:23:00,379 = INFO - get_response - Finshed getting response
2024-12-09 00:23:00,887 = INFO - get_response - Fetching response...
2024-12-09 00:23:06,282 = INFO - _write_to_file - Writing to C:\Users\ADMIN\Cloned_Projects\job-scraper\data.json
2024-12-09 00:23:07,304 = INFO - get_response - Finshed getting response
2024-12-09 00:23:07,801 = INFO - get_response - Fetching response...
2024-12-09 00:23:10,124 = INFO - _write_to_file - Writing to C:\Users\ADMIN\Cloned_Projects\job-scraper\data.json
2024-12-09 00:23:11,127 = INFO - get_response - Finshed getting response
2024-12-09 00:23:11,631 = INFO - get_response - Fetching response...
2024-12-09 00:23:15,405 = INFO - _write_to_file - Writing to C:\Users\ADMIN\Cloned_Projects\job-scraper\data.json
2024-12-09 00:23:16,413 = INFO - get_response - Finshed getting response
2024-12-09 00:23:16,895 = INFO - get_response - Fetching response...
2024-12-09 00:23:21,453 = INFO - _write_to_file - Writing to C:\Users\ADMIN\Cloned_Projects\job-scraper\data.json
2024-12-09 00:23:22,435 = INFO - get_response - Finshed getting response
2024-12-09 00:23:22,934 = INFO - get_response - Fetching response...
2024-12-09 00:23:23,393 = INFO - _linkedin_handler - Searching for paginations...
2024-12-09 00:23:23,431 = INFO - _linkedin_handler - Clicking page 5
2024-12-09 00:23:24,470 = INFO - _linkedin_handler - Searching for cards...
2024-12-09 00:23:29,442 = INFO - _write_to_file - Writing to C:\Users\ADMIN\Cloned_Projects\job-scraper\data.json
2024-12-09 00:23:30,441 = INFO - get_response - Finshed getting response
2024-12-09 00:23:30,952 = INFO - get_response - Fetching response...
2024-12-09 00:23:36,755 = INFO - _write_to_file - Writing to C:\Users\ADMIN\Cloned_Projects\job-scraper\data.json
2024-12-09 00:23:37,756 = INFO - get_response - Finshed getting response
2024-12-09 00:23:38,268 = INFO - get_response - Fetching response...
2024-12-09 00:23:43,420 = INFO - _write_to_file - Writing to C:\Users\ADMIN\Cloned_Projects\job-scraper\data.json
2024-12-09 00:23:44,419 = INFO - get_response - Finshed getting response
2024-12-09 00:23:44,926 = INFO - get_response - Fetching response...
2024-12-09 00:23:52,122 = INFO - _linkedin_handler - Searching for paginations...
2024-12-09 00:23:52,201 = INFO - _linkedin_handler - Clicking page 5
2024-12-09 00:23:52,207 = INFO - _write_to_file - Writing to C:\Users\ADMIN\Cloned_Projects\job-scraper\data.json
2024-12-09 00:23:53,211 = INFO - get_response - Finshed getting response
2024-12-09 00:23:53,288 = INFO - _linkedin_handler - Searching for cards...
2024-12-09 00:23:53,700 = INFO - get_response - Fetching response...
2024-12-09 00:23:58,287 = INFO - _write_to_file - Writing to C:\Users\ADMIN\Cloned_Projects\job-scraper\data.json
2024-12-09 00:23:59,296 = INFO - get_response - Finshed getting response
2024-12-09 00:23:59,794 = INFO - get_response - Fetching response...
2024-12-09 00:24:05,367 = INFO - _write_to_file - Writing to C:\Users\ADMIN\Cloned_Projects\job-scraper\data.json
2024-12-09 00:24:06,363 = INFO - get_response - Finshed getting response
2024-12-09 00:24:06,870 = INFO - get_response - Fetching response...
2024-12-09 00:24:11,909 = INFO - _write_to_file - Writing to C:\Users\ADMIN\Cloned_Projects\job-scraper\data.json
2024-12-09 00:24:12,893 = INFO - get_response - Finshed getting response
2024-12-09 00:24:13,386 = INFO - get_response - Fetching response...
2024-12-09 00:24:19,828 = INFO - _write_to_file - Writing to C:\Users\ADMIN\Cloned_Projects\job-scraper\data.json
2024-12-09 00:24:20,812 = INFO - get_response - Finshed getting response
2024-12-09 00:24:21,312 = INFO - get_response - Fetching response...
2024-12-09 00:24:22,067 = INFO - _linkedin_handler - Searching for paginations...
2024-12-09 00:24:22,104 = INFO - _linkedin_handler - Clicking page 5
2024-12-09 00:24:23,159 = INFO - _linkedin_handler - Searching for cards...
2024-12-09 00:24:26,937 = INFO - _write_to_file - Writing to C:\Users\ADMIN\Cloned_Projects\job-scraper\data.json
2024-12-09 00:24:27,936 = INFO - get_response - Finshed getting response
2024-12-09 00:24:28,447 = INFO - get_response - Fetching response...
2024-12-09 00:24:32,478 = INFO - _write_to_file - Writing to C:\Users\ADMIN\Cloned_Projects\job-scraper\data.json
2024-12-09 00:24:33,467 = INFO - get_response - Finshed getting response
2024-12-09 00:24:33,978 = INFO - get_response - Fetching response...
2024-12-09 00:24:37,836 = INFO - _write_to_file - Writing to C:\Users\ADMIN\Cloned_Projects\job-scraper\data.json
2024-12-09 00:24:38,837 = INFO - get_response - Finshed getting response
2024-12-09 00:24:39,331 = INFO - get_response - Fetching response...
2024-12-09 00:24:44,262 = INFO - _write_to_file - Writing to C:\Users\ADMIN\Cloned_Projects\job-scraper\data.json
2024-12-09 00:24:45,274 = INFO - get_response - Finshed getting response
2024-12-09 00:24:45,764 = INFO - get_response - Fetching response...
2024-12-09 00:24:51,408 = INFO - _write_to_file - Writing to C:\Users\ADMIN\Cloned_Projects\job-scraper\data.json
2024-12-09 00:24:51,774 = INFO - _linkedin_handler - Searching for paginations...
2024-12-09 00:24:51,822 = INFO - _linkedin_handler - Clicking page 5
2024-12-09 00:24:52,423 = INFO - get_response - Finshed getting response
2024-12-09 00:24:52,882 = INFO - _linkedin_handler - Searching for cards...
2024-12-09 00:24:52,930 = INFO - get_response - Fetching response...
2024-12-09 00:24:58,780 = INFO - _write_to_file - Writing to C:\Users\ADMIN\Cloned_Projects\job-scraper\data.json
2024-12-09 00:24:59,793 = INFO - get_response - Finshed getting response
2024-12-09 00:25:00,285 = INFO - get_response - Fetching response...
2024-12-09 00:25:04,083 = INFO - _write_to_file - Writing to C:\Users\ADMIN\Cloned_Projects\job-scraper\data.json
2024-12-09 00:25:05,093 = INFO - get_response - Finshed getting response
2024-12-09 00:25:05,603 = INFO - get_response - Fetching response...
2024-12-09 00:25:10,872 = INFO - _write_to_file - Writing to C:\Users\ADMIN\Cloned_Projects\job-scraper\data.json
2024-12-09 00:25:11,881 = INFO - get_response - Finshed getting response
2024-12-09 00:25:12,379 = INFO - get_response - Fetching response...
2024-12-09 00:25:18,834 = INFO - _write_to_file - Writing to C:\Users\ADMIN\Cloned_Projects\job-scraper\data.json
2024-12-09 00:25:19,817 = INFO - get_response - Finshed getting response
2024-12-09 00:25:20,324 = INFO - get_response - Fetching response...
2024-12-09 00:25:24,779 = INFO - _write_to_file - Writing to C:\Users\ADMIN\Cloned_Projects\job-scraper\data.json
2024-12-09 00:25:25,802 = INFO - get_response - Finshed getting response
2024-12-09 00:25:26,297 = INFO - get_response - Fetching response...
2024-12-09 00:25:31,436 = INFO - _write_to_file - Writing to C:\Users\ADMIN\Cloned_Projects\job-scraper\data.json
2024-12-09 00:25:32,451 = INFO - get_response - Finshed getting response
2024-12-09 00:25:32,965 = INFO - get_response - Fetching response...
2024-12-09 00:25:37,509 = INFO - _write_to_file - Writing to C:\Users\ADMIN\Cloned_Projects\job-scraper\data.json
2024-12-09 00:25:38,529 = INFO - get_response - Finshed getting response
2024-12-09 00:25:39,026 = INFO - get_response - Fetching response...
2024-12-09 00:25:43,578 = INFO - _write_to_file - Writing to C:\Users\ADMIN\Cloned_Projects\job-scraper\data.json
2024-12-09 00:25:44,584 = INFO - get_response - Finshed getting response
2024-12-09 00:25:45,095 = INFO - get_response - Fetching response...
2024-12-09 00:25:48,519 = INFO - _write_to_file - Writing to C:\Users\ADMIN\Cloned_Projects\job-scraper\data.json
2024-12-09 00:25:49,513 = INFO - get_response - Finshed getting response
2024-12-09 00:25:50,018 = INFO - get_response - Fetching response...
2024-12-09 00:25:52,750 = INFO - _linkedin_handler - Searching for paginations...
2024-12-09 00:25:58,447 = INFO - _write_to_file - Writing to C:\Users\ADMIN\Cloned_Projects\job-scraper\data.json
2024-12-09 00:25:59,459 = INFO - get_response - Finshed getting response
2024-12-09 00:25:59,974 = INFO - get_response - Fetching response...
2024-12-09 00:26:05,068 = INFO - _write_to_file - Writing to C:\Users\ADMIN\Cloned_Projects\job-scraper\data.json
2024-12-09 00:26:06,082 = INFO - get_response - Finshed getting response
2024-12-09 00:26:06,582 = INFO - get_response - Fetching response...
2024-12-09 00:26:09,023 = INFO - _write_to_file - Writing to C:\Users\ADMIN\Cloned_Projects\job-scraper\data.json
2024-12-09 00:26:10,029 = INFO - get_response - Finshed getting response
2024-12-09 00:26:10,549 = INFO - get_response - Fetching response...
2024-12-09 00:26:17,011 = INFO - _write_to_file - Writing to C:\Users\ADMIN\Cloned_Projects\job-scraper\data.json
2024-12-09 00:26:18,020 = INFO - get_response - Finshed getting response
2024-12-09 00:26:18,535 = INFO - get_response - Fetching response...
2024-12-09 00:26:23,464 = INFO - _write_to_file - Writing to C:\Users\ADMIN\Cloned_Projects\job-scraper\data.json
2024-12-09 00:26:24,476 = INFO - get_response - Finshed getting response
2024-12-09 00:26:24,988 = INFO - get_response - Fetching response...
2024-12-09 00:26:28,069 = INFO - _write_to_file - Writing to C:\Users\ADMIN\Cloned_Projects\job-scraper\data.json
2024-12-09 00:26:29,072 = INFO - get_response - Finshed getting response
2024-12-09 00:26:29,583 = INFO - get_response - Fetching response...
2024-12-09 00:26:36,532 = INFO - _write_to_file - Writing to C:\Users\ADMIN\Cloned_Projects\job-scraper\data.json
2024-12-09 00:26:37,541 = INFO - get_response - Finshed getting response
2024-12-09 00:26:38,038 = INFO - get_response - Fetching response...
2024-12-09 00:26:43,052 = INFO - _write_to_file - Writing to C:\Users\ADMIN\Cloned_Projects\job-scraper\data.json
2024-12-09 00:26:44,067 = INFO - get_response - Finshed getting response
2024-12-09 00:26:44,581 = INFO - get_response - Fetching response...
2024-12-09 00:26:50,330 = ERROR - get_response - <class 'json.decoder.JSONDecodeError'> Expecting value: line 12 column 18 (char 578)
2024-12-09 00:26:50,837 = INFO - get_response - Fetching response...
2024-12-09 00:26:54,777 = INFO - _write_to_file - Writing to C:\Users\ADMIN\Cloned_Projects\job-scraper\data.json
2024-12-09 00:26:55,782 = INFO - get_response - Finshed getting response
2024-12-09 00:26:56,282 = INFO - get_response - Fetching response...
2024-12-09 00:27:02,214 = INFO - _write_to_file - Writing to C:\Users\ADMIN\Cloned_Projects\job-scraper\data.json
2024-12-09 00:27:03,223 = INFO - get_response - Finshed getting response
2024-12-09 00:27:03,737 = INFO - get_response - Fetching response...
2024-12-09 00:27:10,171 = INFO - _write_to_file - Writing to C:\Users\ADMIN\Cloned_Projects\job-scraper\data.json
2024-12-09 00:27:11,184 = INFO - get_response - Finshed getting response
2024-12-09 00:27:11,699 = INFO - get_response - Fetching response...
2024-12-09 00:27:15,346 = INFO - _write_to_file - Writing to C:\Users\ADMIN\Cloned_Projects\job-scraper\data.json
2024-12-09 00:27:16,360 = INFO - get_response - Finshed getting response
2024-12-09 00:27:16,863 = INFO - get_response - Fetching response...
2024-12-09 00:27:22,487 = INFO - _write_to_file - Writing to C:\Users\ADMIN\Cloned_Projects\job-scraper\data.json
2024-12-09 00:27:23,500 = INFO - get_response - Finshed getting response
2024-12-09 00:27:24,015 = INFO - get_response - Fetching response...
2024-12-09 00:27:29,030 = INFO - _write_to_file - Writing to C:\Users\ADMIN\Cloned_Projects\job-scraper\data.json
2024-12-09 00:27:30,039 = INFO - get_response - Finshed getting response
2024-12-09 00:27:30,550 = INFO - get_response - Fetching response...
2024-12-09 00:27:36,612 = INFO - _write_to_file - Writing to C:\Users\ADMIN\Cloned_Projects\job-scraper\data.json
2024-12-09 00:27:37,621 = INFO - get_response - Finshed getting response
2024-12-09 00:27:38,131 = INFO - get_response - Fetching response...
2024-12-09 00:27:42,476 = INFO - _write_to_file - Writing to C:\Users\ADMIN\Cloned_Projects\job-scraper\data.json
2024-12-09 00:27:43,493 = INFO - get_response - Finshed getting response
2024-12-09 00:27:44,004 = INFO - get_response - Fetching response...
2024-12-09 00:27:47,725 = INFO - _write_to_file - Writing to C:\Users\ADMIN\Cloned_Projects\job-scraper\data.json
2024-12-09 00:27:48,732 = INFO - get_response - Finshed getting response
2024-12-09 00:27:49,245 = INFO - get_response - Fetching response...
2024-12-09 00:27:53,555 = INFO - _write_to_file - Writing to C:\Users\ADMIN\Cloned_Projects\job-scraper\data.json
2024-12-09 00:27:54,562 = INFO - get_response - Finshed getting response
2024-12-09 00:27:55,073 = INFO - get_response - Fetching response...
2024-12-09 00:27:58,538 = INFO - _write_to_file - Writing to C:\Users\ADMIN\Cloned_Projects\job-scraper\data.json
2024-12-09 00:27:59,550 = INFO - get_response - Finshed getting response
2024-12-09 00:28:00,049 = INFO - get_response - Fetching response...
2024-12-09 00:28:05,121 = INFO - _write_to_file - Writing to C:\Users\ADMIN\Cloned_Projects\job-scraper\data.json
2024-12-09 00:28:06,141 = INFO - get_response - Finshed getting response
2024-12-09 00:28:06,643 = INFO - get_response - Fetching response...
2024-12-09 00:28:10,654 = INFO - _write_to_file - Writing to C:\Users\ADMIN\Cloned_Projects\job-scraper\data.json
2024-12-09 00:28:11,673 = INFO - get_response - Finshed getting response
2024-12-09 00:28:12,174 = INFO - get_response - Fetching response...
2024-12-09 00:28:19,812 = INFO - _write_to_file - Writing to C:\Users\ADMIN\Cloned_Projects\job-scraper\data.json
2024-12-09 00:28:20,826 = INFO - get_response - Finshed getting response
2024-12-09 00:28:21,341 = INFO - get_response - Fetching response...
2024-12-09 00:28:26,991 = INFO - _write_to_file - Writing to C:\Users\ADMIN\Cloned_Projects\job-scraper\data.json
2024-12-09 00:28:28,001 = INFO - get_response - Finshed getting response
2024-12-09 00:28:28,511 = INFO - get_response - Fetching response...
2024-12-09 00:28:35,700 = INFO - _write_to_file - Writing to C:\Users\ADMIN\Cloned_Projects\job-scraper\data.json
2024-12-09 00:28:36,713 = INFO - get_response - Finshed getting response
2024-12-09 00:28:37,210 = INFO - get_response - Fetching response...
2024-12-09 00:28:45,692 = INFO - _write_to_file - Writing to C:\Users\ADMIN\Cloned_Projects\job-scraper\data.json
2024-12-09 00:28:46,708 = INFO - get_response - Finshed getting response
2024-12-09 00:28:47,219 = INFO - get_response - Fetching response...
2024-12-09 00:28:55,912 = INFO - _write_to_file - Writing to C:\Users\ADMIN\Cloned_Projects\job-scraper\data.json
2024-12-09 00:28:56,925 = INFO - get_response - Finshed getting response
2024-12-09 00:28:57,438 = INFO - get_response - Fetching response...
2024-12-09 00:29:02,389 = INFO - _write_to_file - Writing to C:\Users\ADMIN\Cloned_Projects\job-scraper\data.json
2024-12-09 00:29:03,396 = INFO - get_response - Finshed getting response
2024-12-09 00:29:03,912 = INFO - get_response - Fetching response...
2024-12-09 00:29:09,482 = INFO - _write_to_file - Writing to C:\Users\ADMIN\Cloned_Projects\job-scraper\data.json
2024-12-09 00:29:10,487 = INFO - get_response - Finshed getting response
2024-12-09 00:29:11,000 = INFO - get_response - Fetching response...
2024-12-09 00:29:15,306 = INFO - _write_to_file - Writing to C:\Users\ADMIN\Cloned_Projects\job-scraper\data.json
2024-12-09 00:29:16,311 = INFO - get_response - Finshed getting response
2024-12-09 00:29:16,823 = INFO - get_response - Fetching response...
2024-12-09 00:29:20,058 = INFO - _write_to_file - Writing to C:\Users\ADMIN\Cloned_Projects\job-scraper\data.json
2024-12-09 00:29:21,068 = INFO - get_response - Finshed getting response
2024-12-09 00:29:21,581 = INFO - get_response - Fetching response...
2024-12-09 00:29:27,595 = INFO - _write_to_file - Writing to C:\Users\ADMIN\Cloned_Projects\job-scraper\data.json
2024-12-09 00:29:28,614 = INFO - get_response - Finshed getting response
2024-12-09 00:29:29,125 = INFO - get_response - Fetching response...
2024-12-09 00:29:34,719 = ERROR - get_response - <class 'json.decoder.JSONDecodeError'> Expecting value: line 11 column 18 (char 363)
2024-12-09 00:29:35,220 = INFO - get_response - Fetching response...
2024-12-09 00:29:39,718 = INFO - _write_to_file - Writing to C:\Users\ADMIN\Cloned_Projects\job-scraper\data.json
2024-12-09 00:29:40,724 = INFO - get_response - Finshed getting response
2024-12-09 00:29:41,238 = INFO - get_response - Fetching response...
2024-12-09 00:29:47,061 = ERROR - get_response - <class 'json.decoder.JSONDecodeError'> Expecting value: line 23 column 18 (char 947)
2024-12-09 00:29:47,569 = INFO - get_response - Fetching response...
2024-12-09 00:29:53,193 = ERROR - get_response - <class 'json.decoder.JSONDecodeError'> Expecting value: line 13 column 18 (char 584)
2024-12-09 00:29:53,702 = INFO - get_response - Fetching response...
2024-12-09 00:30:01,664 = INFO - _write_to_file - Writing to C:\Users\ADMIN\Cloned_Projects\job-scraper\data.json
2024-12-09 00:30:02,682 = INFO - get_response - Finshed getting response
2024-12-09 00:30:03,201 = INFO - get_response - Fetching response...
2024-12-09 00:30:08,143 = INFO - _write_to_file - Writing to C:\Users\ADMIN\Cloned_Projects\job-scraper\data.json
2024-12-09 00:30:09,163 = INFO - get_response - Finshed getting response
2024-12-09 00:30:09,665 = INFO - get_response - Fetching response...
2024-12-09 00:30:13,855 = INFO - _write_to_file - Writing to C:\Users\ADMIN\Cloned_Projects\job-scraper\data.json
2024-12-09 00:30:14,863 = INFO - get_response - Finshed getting response
2024-12-09 00:30:15,363 = INFO - get_response - Fetching response...
2024-12-09 00:30:20,719 = INFO - _write_to_file - Writing to C:\Users\ADMIN\Cloned_Projects\job-scraper\data.json
2024-12-09 00:30:21,738 = INFO - get_response - Finshed getting response
2024-12-09 00:30:22,241 = INFO - get_response - Fetching response...
2024-12-09 00:30:27,268 = INFO - _write_to_file - Writing to C:\Users\ADMIN\Cloned_Projects\job-scraper\data.json
2024-12-09 00:30:28,280 = INFO - get_response - Finshed getting response
2024-12-09 00:30:28,780 = INFO - get_response - Fetching response...
2024-12-09 00:30:35,308 = INFO - _write_to_file - Writing to C:\Users\ADMIN\Cloned_Projects\job-scraper\data.json
2024-12-09 00:30:36,313 = INFO - get_response - Finshed getting response
2024-12-09 00:30:36,813 = INFO - get_response - Fetching response...
2024-12-09 00:30:40,065 = INFO - _write_to_file - Writing to C:\Users\ADMIN\Cloned_Projects\job-scraper\data.json
2024-12-09 00:30:41,083 = INFO - get_response - Finshed getting response
2024-12-09 00:30:41,584 = INFO - get_response - Fetching response...
2024-12-09 00:30:46,235 = INFO - _write_to_file - Writing to C:\Users\ADMIN\Cloned_Projects\job-scraper\data.json
2024-12-09 00:30:47,240 = INFO - get_response - Finshed getting response
2024-12-09 00:30:47,760 = INFO - get_response - Fetching response...
2024-12-09 00:30:51,104 = INFO - _write_to_file - Writing to C:\Users\ADMIN\Cloned_Projects\job-scraper\data.json
2024-12-09 00:30:52,109 = INFO - get_response - Finshed getting response
2024-12-09 00:30:52,635 = INFO - get_response - Fetching response...
2024-12-09 00:30:58,848 = INFO - _write_to_file - Writing to C:\Users\ADMIN\Cloned_Projects\job-scraper\data.json
2024-12-09 00:30:59,863 = INFO - get_response - Finshed getting response
2024-12-09 00:31:00,362 = INFO - get_response - Fetching response...
2024-12-09 00:31:02,329 = INFO - _write_to_file - Writing to C:\Users\ADMIN\Cloned_Projects\job-scraper\data.json
2024-12-09 00:31:03,336 = INFO - get_response - Finshed getting response
2024-12-09 00:31:03,835 = INFO - get_response - Fetching response...
2024-12-09 00:31:11,645 = ERROR - get_response - <class 'json.decoder.JSONDecodeError'> Expecting value: line 15 column 18 (char 864)
2024-12-09 00:31:12,148 = INFO - get_response - Fetching response...
2024-12-09 00:31:16,471 = INFO - _write_to_file - Writing to C:\Users\ADMIN\Cloned_Projects\job-scraper\data.json
2024-12-09 00:31:17,478 = INFO - get_response - Finshed getting response
2024-12-09 00:31:17,979 = INFO - get_response - Fetching response...
2024-12-09 00:31:23,030 = INFO - _write_to_file - Writing to C:\Users\ADMIN\Cloned_Projects\job-scraper\data.json
2024-12-09 00:31:24,041 = INFO - get_response - Finshed getting response
2024-12-09 00:31:24,545 = INFO - get_response - Fetching response...
2024-12-09 00:31:32,487 = INFO - _write_to_file - Writing to C:\Users\ADMIN\Cloned_Projects\job-scraper\data.json
2024-12-09 00:31:33,505 = INFO - get_response - Finshed getting response
2024-12-09 00:31:34,006 = INFO - get_response - Fetching response...
2024-12-09 00:31:41,445 = INFO - _write_to_file - Writing to C:\Users\ADMIN\Cloned_Projects\job-scraper\data.json
2024-12-09 00:31:42,453 = INFO - get_response - Finshed getting response
2024-12-09 00:31:42,969 = INFO - get_response - Fetching response...
2024-12-09 00:31:46,301 = INFO - _write_to_file - Writing to C:\Users\ADMIN\Cloned_Projects\job-scraper\data.json
2024-12-09 00:31:47,316 = INFO - get_response - Finshed getting response
2024-12-09 00:31:47,816 = INFO - get_response - Fetching response...
2024-12-09 00:31:54,628 = INFO - _write_to_file - Writing to C:\Users\ADMIN\Cloned_Projects\job-scraper\data.json
2024-12-09 00:31:55,642 = INFO - get_response - Finshed getting response
2024-12-09 00:31:56,144 = INFO - get_response - Fetching response...
2024-12-09 00:32:01,224 = INFO - _write_to_file - Writing to C:\Users\ADMIN\Cloned_Projects\job-scraper\data.json
2024-12-09 00:32:02,239 = INFO - get_response - Finshed getting response
2024-12-09 00:32:02,739 = INFO - get_response - Fetching response...
2024-12-09 00:32:08,270 = INFO - _write_to_file - Writing to C:\Users\ADMIN\Cloned_Projects\job-scraper\data.json
2024-12-09 00:32:09,283 = INFO - get_response - Finshed getting response
2024-12-09 00:32:09,793 = INFO - get_response - Fetching response...
2024-12-09 00:32:14,997 = INFO - _write_to_file - Writing to C:\Users\ADMIN\Cloned_Projects\job-scraper\data.json
2024-12-09 00:32:16,003 = INFO - get_response - Finshed getting response
2024-12-09 00:32:16,505 = INFO - get_response - Fetching response...
2024-12-09 00:32:21,104 = INFO - _write_to_file - Writing to C:\Users\ADMIN\Cloned_Projects\job-scraper\data.json
2024-12-09 00:32:22,114 = INFO - get_response - Finshed getting response
2024-12-09 00:32:22,616 = INFO - get_response - Fetching response...
2024-12-09 00:32:28,061 = INFO - _write_to_file - Writing to C:\Users\ADMIN\Cloned_Projects\job-scraper\data.json
2024-12-09 00:32:29,070 = INFO - get_response - Finshed getting response
2024-12-09 00:32:29,571 = INFO - get_response - Fetching response...
2024-12-09 00:32:37,920 = INFO - _write_to_file - Writing to C:\Users\ADMIN\Cloned_Projects\job-scraper\data.json
2024-12-09 00:32:38,931 = INFO - get_response - Finshed getting response
2024-12-09 00:32:39,434 = INFO - get_response - Fetching response...
2024-12-09 00:32:45,755 = INFO - _write_to_file - Writing to C:\Users\ADMIN\Cloned_Projects\job-scraper\data.json
2024-12-09 00:32:46,764 = INFO - get_response - Finshed getting response
2024-12-09 00:32:47,277 = INFO - get_response - Fetching response...
2024-12-09 00:32:54,729 = INFO - _write_to_file - Writing to C:\Users\ADMIN\Cloned_Projects\job-scraper\data.json
2024-12-09 00:32:55,737 = INFO - get_response - Finshed getting response
2024-12-09 00:32:56,239 = INFO - get_response - Fetching response...
2024-12-09 00:33:00,772 = INFO - _write_to_file - Writing to C:\Users\ADMIN\Cloned_Projects\job-scraper\data.json
2024-12-09 00:33:01,781 = INFO - get_response - Finshed getting response
2024-12-09 00:33:02,284 = INFO - get_response - Fetching response...
2024-12-09 00:33:08,788 = INFO - _write_to_file - Writing to C:\Users\ADMIN\Cloned_Projects\job-scraper\data.json
2024-12-09 00:33:09,794 = INFO - get_response - Finshed getting response
2024-12-09 00:33:10,304 = INFO - get_response - Fetching response...
2024-12-09 00:33:17,008 = INFO - _write_to_file - Writing to C:\Users\ADMIN\Cloned_Projects\job-scraper\data.json
2024-12-09 00:33:18,015 = INFO - get_response - Finshed getting response
2024-12-09 00:33:18,531 = INFO - get_response - Fetching response...
2024-12-09 00:33:24,206 = INFO - _write_to_file - Writing to C:\Users\ADMIN\Cloned_Projects\job-scraper\data.json
2024-12-09 00:33:25,233 = INFO - get_response - Finshed getting response
2024-12-09 00:33:25,744 = INFO - get_response - Fetching response...
2024-12-09 00:33:31,578 = INFO - _write_to_file - Writing to C:\Users\ADMIN\Cloned_Projects\job-scraper\data.json
2024-12-09 00:33:32,595 = INFO - get_response - Finshed getting response
2024-12-09 00:33:33,111 = INFO - get_response - Fetching response...
2024-12-09 00:33:36,565 = INFO - _write_to_file - Writing to C:\Users\ADMIN\Cloned_Projects\job-scraper\data.json
2024-12-09 00:33:37,568 = INFO - get_response - Finshed getting response
2024-12-09 00:33:38,081 = INFO - get_response - Fetching response...
2024-12-09 00:33:42,929 = INFO - _write_to_file - Writing to C:\Users\ADMIN\Cloned_Projects\job-scraper\data.json
2024-12-09 00:33:43,938 = INFO - get_response - Finshed getting response
2024-12-09 00:33:44,449 = INFO - get_response - Fetching response...
2024-12-09 00:33:50,055 = INFO - _write_to_file - Writing to C:\Users\ADMIN\Cloned_Projects\job-scraper\data.json
2024-12-09 00:33:51,057 = INFO - get_response - Finshed getting response
2024-12-09 00:33:51,554 = INFO - get_response - Fetching response...
2024-12-09 00:33:58,651 = INFO - _write_to_file - Writing to C:\Users\ADMIN\Cloned_Projects\job-scraper\data.json
2024-12-09 00:33:59,666 = INFO - get_response - Finshed getting response
2024-12-09 00:34:00,166 = INFO - get_response - Fetching response...
2024-12-09 00:34:02,365 = INFO - _write_to_file - Writing to C:\Users\ADMIN\Cloned_Projects\job-scraper\data.json
2024-12-09 00:34:03,371 = INFO - get_response - Finshed getting response
2024-12-09 00:34:03,883 = INFO - get_response - Fetching response...
2024-12-09 00:34:12,419 = INFO - _write_to_file - Writing to C:\Users\ADMIN\Cloned_Projects\job-scraper\data.json
2024-12-09 00:34:13,429 = INFO - get_response - Finshed getting response
2024-12-09 00:34:13,944 = INFO - get_response - Fetching response...
2024-12-09 00:34:17,364 = INFO - _write_to_file - Writing to C:\Users\ADMIN\Cloned_Projects\job-scraper\data.json
2024-12-09 00:34:18,375 = INFO - get_response - Finshed getting response
2024-12-09 00:34:18,871 = INFO - get_response - Fetching response...
2024-12-09 00:34:25,543 = INFO - _write_to_file - Writing to C:\Users\ADMIN\Cloned_Projects\job-scraper\data.json
2024-12-09 00:34:26,548 = INFO - get_response - Finshed getting response
2024-12-09 00:34:27,057 = INFO - get_response - Fetching response...
2024-12-09 00:34:33,635 = INFO - _write_to_file - Writing to C:\Users\ADMIN\Cloned_Projects\job-scraper\data.json
2024-12-09 00:34:34,670 = INFO - get_response - Finshed getting response
2024-12-09 00:34:35,183 = INFO - get_response - Fetching response...
2024-12-09 00:34:41,057 = INFO - _write_to_file - Writing to C:\Users\ADMIN\Cloned_Projects\job-scraper\data.json
2024-12-09 00:34:42,076 = INFO - get_response - Finshed getting response
2024-12-09 00:34:42,594 = INFO - get_response - Fetching response...
2024-12-09 00:34:46,578 = INFO - _write_to_file - Writing to C:\Users\ADMIN\Cloned_Projects\job-scraper\data.json
2024-12-09 00:34:47,584 = INFO - get_response - Finshed getting response
2024-12-09 00:34:48,083 = INFO - get_response - Fetching response...
2024-12-09 00:34:52,228 = INFO - _write_to_file - Writing to C:\Users\ADMIN\Cloned_Projects\job-scraper\data.json
2024-12-09 00:34:53,240 = INFO - get_response - Finshed getting response
2024-12-09 00:34:53,741 = INFO - get_response - Fetching response...
2024-12-09 00:35:00,657 = INFO - _write_to_file - Writing to C:\Users\ADMIN\Cloned_Projects\job-scraper\data.json
2024-12-09 00:35:01,674 = INFO - get_response - Finshed getting response
2024-12-09 00:35:02,171 = INFO - get_response - Fetching response...
2024-12-09 00:35:06,308 = INFO - _write_to_file - Writing to C:\Users\ADMIN\Cloned_Projects\job-scraper\data.json
2024-12-09 00:35:07,322 = INFO - get_response - Finshed getting response
2024-12-09 00:35:07,833 = INFO - get_response - Fetching response...
2024-12-09 00:35:14,829 = INFO - _write_to_file - Writing to C:\Users\ADMIN\Cloned_Projects\job-scraper\data.json
2024-12-09 00:35:15,845 = INFO - get_response - Finshed getting response
2024-12-09 00:35:16,362 = INFO - get_response - Fetching response...
2024-12-09 00:35:23,373 = INFO - _write_to_file - Writing to C:\Users\ADMIN\Cloned_Projects\job-scraper\data.json
2024-12-09 00:35:24,381 = INFO - get_response - Finshed getting response
2024-12-09 00:35:24,898 = INFO - get_response - Fetching response...
2024-12-09 00:35:32,308 = INFO - _write_to_file - Writing to C:\Users\ADMIN\Cloned_Projects\job-scraper\data.json
2024-12-09 00:35:33,316 = INFO - get_response - Finshed getting response
2024-12-09 00:35:33,826 = INFO - get_response - Fetching response...
2024-12-09 00:35:43,375 = INFO - _write_to_file - Writing to C:\Users\ADMIN\Cloned_Projects\job-scraper\data.json
2024-12-09 00:35:44,379 = INFO - get_response - Finshed getting response
2024-12-09 00:35:44,890 = INFO - get_response - Fetching response...
2024-12-09 00:35:50,499 = INFO - _write_to_file - Writing to C:\Users\ADMIN\Cloned_Projects\job-scraper\data.json
2024-12-09 00:35:51,507 = INFO - get_response - Finshed getting response
2024-12-09 00:35:52,029 = INFO - get_response - Fetching response...
2024-12-09 00:35:57,655 = INFO - _write_to_file - Writing to C:\Users\ADMIN\Cloned_Projects\job-scraper\data.json
2024-12-09 00:35:58,671 = INFO - get_response - Finshed getting response
2024-12-09 00:35:59,179 = INFO - get_response - Fetching response...
2024-12-09 00:36:03,563 = INFO - _write_to_file - Writing to C:\Users\ADMIN\Cloned_Projects\job-scraper\data.json
2024-12-09 00:36:04,572 = INFO - get_response - Finshed getting response
2024-12-09 00:36:05,088 = INFO - get_response - Fetching response...
2024-12-09 00:36:08,660 = INFO - _write_to_file - Writing to C:\Users\ADMIN\Cloned_Projects\job-scraper\data.json
2024-12-09 00:36:09,671 = INFO - get_response - Finshed getting response
2024-12-09 00:36:10,179 = INFO - get_response - Fetching response...
2024-12-09 00:36:18,699 = INFO - _write_to_file - Writing to C:\Users\ADMIN\Cloned_Projects\job-scraper\data.json
2024-12-09 00:36:19,720 = INFO - get_response - Finshed getting response
2024-12-09 00:36:20,230 = INFO - get_response - Fetching response...
2024-12-09 00:36:25,558 = INFO - _write_to_file - Writing to C:\Users\ADMIN\Cloned_Projects\job-scraper\data.json
2024-12-09 00:36:26,575 = INFO - get_response - Finshed getting response
2024-12-09 00:36:27,099 = INFO - get_response - Fetching response...
2024-12-09 00:36:35,587 = INFO - _write_to_file - Writing to C:\Users\ADMIN\Cloned_Projects\job-scraper\data.json
2024-12-09 00:36:36,607 = INFO - get_response - Finshed getting response
2024-12-09 00:36:37,132 = INFO - get_response - Fetching response...
2024-12-09 00:36:47,027 = INFO - _write_to_file - Writing to C:\Users\ADMIN\Cloned_Projects\job-scraper\data.json
2024-12-09 00:36:48,045 = INFO - get_response - Finshed getting response
2024-12-09 00:36:48,557 = INFO - get_response - Fetching response...
2024-12-09 00:36:51,946 = INFO - _write_to_file - Writing to C:\Users\ADMIN\Cloned_Projects\job-scraper\data.json
2024-12-09 00:36:52,953 = INFO - get_response - Finshed getting response
2024-12-09 00:36:53,473 = INFO - get_response - Fetching response...
2024-12-09 00:36:57,716 = ERROR - get_response - <class 'json.decoder.JSONDecodeError'> Expecting value: line 12 column 18 (char 499)
2024-12-09 00:36:58,234 = INFO - get_response - Fetching response...
2024-12-09 00:37:03,987 = INFO - _write_to_file - Writing to C:\Users\ADMIN\Cloned_Projects\job-scraper\data.json
2024-12-09 00:37:05,003 = INFO - get_response - Finshed getting response
2024-12-09 00:37:05,510 = INFO - get_response - Fetching response...
2024-12-09 00:37:09,627 = INFO - _write_to_file - Writing to C:\Users\ADMIN\Cloned_Projects\job-scraper\data.json
2024-12-09 00:37:10,639 = INFO - get_response - Finshed getting response
2024-12-09 00:37:11,156 = INFO - get_response - Fetching response...
2024-12-09 00:37:16,899 = INFO - _write_to_file - Writing to C:\Users\ADMIN\Cloned_Projects\job-scraper\data.json
2024-12-09 00:37:17,913 = INFO - get_response - Finshed getting response
2024-12-09 00:37:18,414 = INFO - get_response - Fetching response...
2024-12-09 00:37:23,450 = INFO - _write_to_file - Writing to C:\Users\ADMIN\Cloned_Projects\job-scraper\data.json
2024-12-09 00:37:24,467 = INFO - get_response - Finshed getting response
2024-12-09 00:37:24,978 = INFO - get_response - Fetching response...
2024-12-09 00:37:30,443 = INFO - _write_to_file - Writing to C:\Users\ADMIN\Cloned_Projects\job-scraper\data.json
2024-12-09 00:37:31,458 = INFO - get_response - Finshed getting response
2024-12-09 00:37:31,956 = INFO - get_response - Fetching response...
2024-12-09 00:37:41,439 = INFO - _write_to_file - Writing to C:\Users\ADMIN\Cloned_Projects\job-scraper\data.json
2024-12-09 00:37:42,454 = INFO - get_response - Finshed getting response
2024-12-09 00:37:42,952 = INFO - get_response - Fetching response...
2024-12-09 00:37:48,044 = INFO - _write_to_file - Writing to C:\Users\ADMIN\Cloned_Projects\job-scraper\data.json
2024-12-09 00:37:49,049 = INFO - get_response - Finshed getting response
2024-12-09 00:37:49,546 = INFO - get_response - Fetching response...
2024-12-09 00:37:53,725 = INFO - _write_to_file - Writing to C:\Users\ADMIN\Cloned_Projects\job-scraper\data.json
2024-12-09 00:37:54,733 = INFO - get_response - Finshed getting response
2024-12-09 00:37:55,241 = INFO - get_response - Fetching response...
2024-12-09 00:38:00,416 = INFO - _write_to_file - Writing to C:\Users\ADMIN\Cloned_Projects\job-scraper\data.json
2024-12-09 00:38:01,430 = INFO - get_response - Finshed getting response
2024-12-09 00:38:01,930 = INFO - get_response - Fetching response...
2024-12-09 00:38:05,854 = INFO - _write_to_file - Writing to C:\Users\ADMIN\Cloned_Projects\job-scraper\data.json
2024-12-09 00:38:06,865 = INFO - get_response - Finshed getting response
2024-12-09 00:38:07,365 = INFO - get_response - Fetching response...
2024-12-09 00:38:11,922 = INFO - _write_to_file - Writing to C:\Users\ADMIN\Cloned_Projects\job-scraper\data.json
2024-12-09 00:38:12,930 = INFO - get_response - Finshed getting response
2024-12-09 00:38:13,444 = INFO - get_response - Fetching response...
2024-12-09 00:38:17,565 = INFO - _write_to_file - Writing to C:\Users\ADMIN\Cloned_Projects\job-scraper\data.json
2024-12-09 00:38:18,589 = INFO - get_response - Finshed getting response
2024-12-09 00:38:19,104 = INFO - get_response - Fetching response...
2024-12-09 00:38:23,210 = INFO - _write_to_file - Writing to C:\Users\ADMIN\Cloned_Projects\job-scraper\data.json
2024-12-09 00:38:24,223 = INFO - get_response - Finshed getting response
2024-12-09 00:38:24,730 = INFO - get_response - Fetching response...
2024-12-09 00:38:30,463 = INFO - _write_to_file - Writing to C:\Users\ADMIN\Cloned_Projects\job-scraper\data.json
2024-12-09 00:38:31,470 = INFO - get_response - Finshed getting response
2024-12-09 00:38:31,986 = INFO - get_response - Fetching response...
2024-12-09 00:38:38,212 = INFO - _write_to_file - Writing to C:\Users\ADMIN\Cloned_Projects\job-scraper\data.json
2024-12-09 00:38:39,227 = INFO - get_response - Finshed getting response
2024-12-09 00:38:39,736 = INFO - get_response - Fetching response...
2024-12-09 00:38:45,696 = INFO - _write_to_file - Writing to C:\Users\ADMIN\Cloned_Projects\job-scraper\data.json
2024-12-09 00:38:46,710 = INFO - get_response - Finshed getting response
2024-12-09 00:38:47,208 = INFO - get_response - Fetching response...
2024-12-09 00:38:54,055 = INFO - _write_to_file - Writing to C:\Users\ADMIN\Cloned_Projects\job-scraper\data.json
2024-12-09 00:38:55,069 = INFO - get_response - Finshed getting response
2024-12-09 00:38:55,570 = INFO - get_response - Fetching response...
2024-12-09 00:39:00,188 = INFO - _write_to_file - Writing to C:\Users\ADMIN\Cloned_Projects\job-scraper\data.json
2024-12-09 00:39:01,202 = INFO - get_response - Finshed getting response
2024-12-09 00:39:01,701 = INFO - get_response - Fetching response...
2024-12-09 00:39:05,303 = INFO - _write_to_file - Writing to C:\Users\ADMIN\Cloned_Projects\job-scraper\data.json
2024-12-09 00:39:06,307 = INFO - get_response - Finshed getting response
2024-12-09 00:39:06,806 = INFO - get_response - Fetching response...
2024-12-09 00:39:16,142 = INFO - _write_to_file - Writing to C:\Users\ADMIN\Cloned_Projects\job-scraper\data.json
2024-12-09 00:39:17,154 = INFO - get_response - Finshed getting response
2024-12-09 00:39:17,671 = INFO - get_response - Fetching response...
2024-12-09 00:39:22,095 = INFO - _write_to_file - Writing to C:\Users\ADMIN\Cloned_Projects\job-scraper\data.json
2024-12-09 00:39:23,107 = INFO - get_response - Finshed getting response
2024-12-09 00:39:23,621 = INFO - get_response - Fetching response...
2024-12-09 00:39:29,207 = INFO - _write_to_file - Writing to C:\Users\ADMIN\Cloned_Projects\job-scraper\data.json
2024-12-09 00:39:30,216 = INFO - get_response - Finshed getting response
2024-12-09 00:39:30,731 = INFO - get_response - Fetching response...
2024-12-09 00:39:34,708 = INFO - _write_to_file - Writing to C:\Users\ADMIN\Cloned_Projects\job-scraper\data.json
2024-12-09 00:39:35,721 = INFO - get_response - Finshed getting response
2024-12-09 00:39:36,220 = INFO - get_response - Fetching response...
2024-12-09 00:39:42,899 = INFO - _write_to_file - Writing to C:\Users\ADMIN\Cloned_Projects\job-scraper\data.json
2024-12-09 00:39:43,918 = INFO - get_response - Finshed getting response
2024-12-09 00:39:44,434 = INFO - get_response - Fetching response...
2024-12-09 00:39:48,111 = INFO - _write_to_file - Writing to C:\Users\ADMIN\Cloned_Projects\job-scraper\data.json
2024-12-09 00:39:49,119 = INFO - get_response - Finshed getting response
2024-12-09 00:39:49,632 = INFO - get_response - Fetching response...
2024-12-09 00:39:56,611 = INFO - _write_to_file - Writing to C:\Users\ADMIN\Cloned_Projects\job-scraper\data.json
2024-12-09 00:39:57,621 = INFO - get_response - Finshed getting response
2024-12-09 00:39:58,148 = INFO - get_response - Fetching response...
2024-12-09 00:40:03,229 = INFO - _write_to_file - Writing to C:\Users\ADMIN\Cloned_Projects\job-scraper\data.json
2024-12-09 00:40:04,249 = INFO - get_response - Finshed getting response
2024-12-09 00:40:04,751 = INFO - get_response - Fetching response...
2024-12-09 00:40:10,314 = INFO - _write_to_file - Writing to C:\Users\ADMIN\Cloned_Projects\job-scraper\data.json
2024-12-09 00:40:11,321 = INFO - get_response - Finshed getting response
2024-12-09 00:40:11,835 = INFO - get_response - Fetching response...
2024-12-09 00:40:16,342 = INFO - _write_to_file - Writing to C:\Users\ADMIN\Cloned_Projects\job-scraper\data.json
2024-12-09 00:40:17,357 = INFO - get_response - Finshed getting response
2024-12-09 00:40:17,857 = INFO - get_response - Fetching response...
2024-12-09 00:40:28,228 = INFO - _write_to_file - Writing to C:\Users\ADMIN\Cloned_Projects\job-scraper\data.json
2024-12-09 00:40:29,238 = INFO - get_response - Finshed getting response
2024-12-09 00:40:29,737 = INFO - get_response - Fetching response...
2024-12-09 00:40:37,449 = INFO - _write_to_file - Writing to C:\Users\ADMIN\Cloned_Projects\job-scraper\data.json
2024-12-09 00:40:38,464 = INFO - get_response - Finshed getting response
2024-12-09 00:40:38,977 = INFO - get_response - Fetching response...
2024-12-09 00:40:43,157 = INFO - _write_to_file - Writing to C:\Users\ADMIN\Cloned_Projects\job-scraper\data.json
2024-12-09 00:40:44,168 = INFO - get_response - Finshed getting response
2024-12-09 00:40:44,687 = INFO - get_response - Fetching response...
2024-12-09 00:40:50,994 = INFO - _write_to_file - Writing to C:\Users\ADMIN\Cloned_Projects\job-scraper\data.json
2024-12-09 00:40:52,009 = INFO - get_response - Finshed getting response
2024-12-09 00:40:52,513 = INFO - get_response - Fetching response...
2024-12-09 00:40:56,445 = INFO - _write_to_file - Writing to C:\Users\ADMIN\Cloned_Projects\job-scraper\data.json
2024-12-09 00:40:57,458 = INFO - get_response - Finshed getting response
2024-12-09 00:40:57,970 = INFO - get_response - Fetching response...
2024-12-09 00:41:02,099 = INFO - _write_to_file - Writing to C:\Users\ADMIN\Cloned_Projects\job-scraper\data.json
2024-12-09 00:41:03,112 = INFO - get_response - Finshed getting response
2024-12-09 00:41:03,613 = INFO - get_response - Fetching response...
2024-12-09 00:41:08,420 = INFO - _write_to_file - Writing to C:\Users\ADMIN\Cloned_Projects\job-scraper\data.json
2024-12-09 00:41:09,446 = INFO - get_response - Finshed getting response
2024-12-09 00:41:09,960 = INFO - get_response - Fetching response...
2024-12-09 00:41:14,379 = INFO - _write_to_file - Writing to C:\Users\ADMIN\Cloned_Projects\job-scraper\data.json
2024-12-09 00:41:15,388 = INFO - get_response - Finshed getting response
2024-12-09 00:41:15,897 = INFO - get_response - Fetching response...
2024-12-09 00:41:20,172 = INFO - _write_to_file - Writing to C:\Users\ADMIN\Cloned_Projects\job-scraper\data.json
2024-12-09 00:41:21,187 = INFO - get_response - Finshed getting response
2024-12-09 00:41:21,700 = INFO - get_response - Fetching response...
2024-12-09 00:41:27,126 = INFO - _write_to_file - Writing to C:\Users\ADMIN\Cloned_Projects\job-scraper\data.json
2024-12-09 00:41:28,141 = INFO - get_response - Finshed getting response
2024-12-09 00:41:28,652 = INFO - get_response - Fetching response...
2024-12-09 00:41:32,314 = INFO - _write_to_file - Writing to C:\Users\ADMIN\Cloned_Projects\job-scraper\data.json
2024-12-09 00:41:33,320 = INFO - get_response - Finshed getting response
2024-12-09 00:41:33,820 = INFO - get_response - Fetching response...
2024-12-09 00:41:37,795 = INFO - _write_to_file - Writing to C:\Users\ADMIN\Cloned_Projects\job-scraper\data.json
2024-12-09 00:41:38,815 = INFO - get_response - Finshed getting response
2024-12-09 00:41:39,315 = INFO - get_response - Fetching response...
2024-12-09 00:41:44,067 = INFO - _write_to_file - Writing to C:\Users\ADMIN\Cloned_Projects\job-scraper\data.json
2024-12-09 00:41:45,082 = INFO - get_response - Finshed getting response
2024-12-09 00:41:45,585 = INFO - get_response - Fetching response...
2024-12-09 00:41:51,083 = INFO - _write_to_file - Writing to C:\Users\ADMIN\Cloned_Projects\job-scraper\data.json
2024-12-09 00:41:52,090 = INFO - get_response - Finshed getting response
2024-12-09 00:41:52,604 = INFO - get_response - Fetching response...
2024-12-09 00:41:57,734 = INFO - _write_to_file - Writing to C:\Users\ADMIN\Cloned_Projects\job-scraper\data.json
2024-12-09 00:41:58,749 = INFO - get_response - Finshed getting response
2024-12-09 00:41:59,249 = INFO - get_response - Fetching response...
2024-12-09 00:42:03,322 = INFO - _write_to_file - Writing to C:\Users\ADMIN\Cloned_Projects\job-scraper\data.json
2024-12-09 00:42:04,334 = INFO - get_response - Finshed getting response
2024-12-09 00:42:04,844 = INFO - get_response - Fetching response...
2024-12-09 00:42:09,024 = INFO - _write_to_file - Writing to C:\Users\ADMIN\Cloned_Projects\job-scraper\data.json
2024-12-09 00:42:10,033 = INFO - get_response - Finshed getting response
2024-12-09 00:42:10,530 = INFO - get_response - Fetching response...
2024-12-09 00:42:15,888 = INFO - _write_to_file - Writing to C:\Users\ADMIN\Cloned_Projects\job-scraper\data.json
2024-12-09 00:42:16,904 = INFO - get_response - Finshed getting response
2024-12-09 00:42:17,420 = INFO - get_response - Fetching response...
2024-12-09 00:42:23,085 = INFO - _write_to_file - Writing to C:\Users\ADMIN\Cloned_Projects\job-scraper\data.json
2024-12-09 00:42:24,097 = INFO - get_response - Finshed getting response
2024-12-09 00:42:24,598 = INFO - get_response - Fetching response...
2024-12-09 00:42:28,114 = INFO - _write_to_file - Writing to C:\Users\ADMIN\Cloned_Projects\job-scraper\data.json
2024-12-09 00:42:29,128 = INFO - get_response - Finshed getting response
2024-12-09 00:42:29,626 = INFO - get_response - Fetching response...
2024-12-09 00:42:36,105 = INFO - _write_to_file - Writing to C:\Users\ADMIN\Cloned_Projects\job-scraper\data.json
2024-12-09 00:42:37,124 = INFO - get_response - Finshed getting response
2024-12-09 00:42:37,636 = INFO - get_response - Fetching response...
2024-12-09 00:42:43,251 = INFO - _write_to_file - Writing to C:\Users\ADMIN\Cloned_Projects\job-scraper\data.json
2024-12-09 00:42:44,255 = INFO - get_response - Finshed getting response
2024-12-09 00:42:44,769 = INFO - get_response - Fetching response...
2024-12-09 00:42:48,786 = INFO - _write_to_file - Writing to C:\Users\ADMIN\Cloned_Projects\job-scraper\data.json
2024-12-09 00:42:49,795 = INFO - get_response - Finshed getting response
2024-12-09 00:42:50,303 = INFO - get_response - Fetching response...
2024-12-09 00:42:54,332 = INFO - _write_to_file - Writing to C:\Users\ADMIN\Cloned_Projects\job-scraper\data.json
2024-12-09 00:42:55,349 = INFO - get_response - Finshed getting response
2024-12-09 00:42:55,848 = INFO - get_response - Fetching response...
2024-12-09 00:43:00,600 = INFO - _write_to_file - Writing to C:\Users\ADMIN\Cloned_Projects\job-scraper\data.json
2024-12-09 00:43:01,607 = INFO - get_response - Finshed getting response
2024-12-09 00:43:02,125 = INFO - get_response - Fetching response...
2024-12-09 00:43:06,058 = INFO - _write_to_file - Writing to C:\Users\ADMIN\Cloned_Projects\job-scraper\data.json
2024-12-09 00:43:07,064 = INFO - get_response - Finshed getting response
2024-12-09 00:43:07,563 = INFO - get_response - Fetching response...
2024-12-09 00:43:12,234 = INFO - _write_to_file - Writing to C:\Users\ADMIN\Cloned_Projects\job-scraper\data.json
2024-12-09 00:43:13,242 = INFO - get_response - Finshed getting response
2024-12-09 00:43:13,741 = INFO - get_response - Fetching response...
2024-12-09 00:43:19,938 = INFO - _write_to_file - Writing to C:\Users\ADMIN\Cloned_Projects\job-scraper\data.json
2024-12-09 00:43:20,952 = INFO - get_response - Finshed getting response
2024-12-09 00:43:21,466 = INFO - get_response - Fetching response...
2024-12-09 00:43:25,766 = INFO - _write_to_file - Writing to C:\Users\ADMIN\Cloned_Projects\job-scraper\data.json
2024-12-09 00:43:26,781 = INFO - get_response - Finshed getting response
2024-12-09 00:43:27,283 = INFO - get_response - Fetching response...
2024-12-09 00:43:32,548 = INFO - _write_to_file - Writing to C:\Users\ADMIN\Cloned_Projects\job-scraper\data.json
2024-12-09 00:43:33,555 = INFO - get_response - Finshed getting response
2024-12-09 00:43:34,058 = INFO - get_response - Fetching response...
2024-12-09 00:43:40,163 = INFO - _write_to_file - Writing to C:\Users\ADMIN\Cloned_Projects\job-scraper\data.json
2024-12-09 00:43:41,180 = INFO - get_response - Finshed getting response
2024-12-09 00:43:41,682 = INFO - get_response - Fetching response...
2024-12-09 00:43:46,268 = INFO - _write_to_file - Writing to C:\Users\ADMIN\Cloned_Projects\job-scraper\data.json
2024-12-09 00:43:47,286 = INFO - get_response - Finshed getting response
2024-12-09 00:43:47,799 = INFO - get_response - Fetching response...
2024-12-09 00:43:52,065 = INFO - _write_to_file - Writing to C:\Users\ADMIN\Cloned_Projects\job-scraper\data.json
2024-12-09 00:43:53,081 = INFO - get_response - Finshed getting response
2024-12-09 00:43:53,579 = INFO - get_response - Fetching response...
2024-12-09 00:43:58,916 = INFO - _write_to_file - Writing to C:\Users\ADMIN\Cloned_Projects\job-scraper\data.json
2024-12-09 00:43:59,929 = INFO - get_response - Finshed getting response
2024-12-09 00:44:00,424 = INFO - get_response - Fetching response...
2024-12-09 00:44:04,680 = INFO - _write_to_file - Writing to C:\Users\ADMIN\Cloned_Projects\job-scraper\data.json
2024-12-09 00:44:05,689 = INFO - get_response - Finshed getting response
2024-12-09 00:44:06,198 = INFO - get_response - Fetching response...
2024-12-09 00:44:10,036 = INFO - _write_to_file - Writing to C:\Users\ADMIN\Cloned_Projects\job-scraper\data.json
2024-12-09 00:44:11,042 = INFO - get_response - Finshed getting response
2024-12-09 00:44:11,568 = INFO - get_response - Fetching response...
2024-12-09 00:44:16,706 = INFO - _write_to_file - Writing to C:\Users\ADMIN\Cloned_Projects\job-scraper\data.json
2024-12-09 00:44:17,713 = INFO - get_response - Finshed getting response
2024-12-09 00:44:18,213 = INFO - get_response - Fetching response...
2024-12-09 00:44:24,907 = INFO - _write_to_file - Writing to C:\Users\ADMIN\Cloned_Projects\job-scraper\data.json
2024-12-09 00:44:25,921 = INFO - get_response - Finshed getting response
2024-12-09 00:44:26,420 = INFO - get_response - Fetching response...
2024-12-09 00:44:32,229 = INFO - _write_to_file - Writing to C:\Users\ADMIN\Cloned_Projects\job-scraper\data.json
2024-12-09 00:44:33,233 = INFO - get_response - Finshed getting response
2024-12-09 00:44:33,749 = INFO - get_response - Fetching response...
2024-12-09 00:44:37,544 = INFO - _write_to_file - Writing to C:\Users\ADMIN\Cloned_Projects\job-scraper\data.json
2024-12-09 00:44:38,548 = INFO - get_response - Finshed getting response
2024-12-09 00:44:39,047 = INFO - get_response - Fetching response...
2024-12-09 00:44:44,195 = INFO - _write_to_file - Writing to C:\Users\ADMIN\Cloned_Projects\job-scraper\data.json
2024-12-09 00:44:45,208 = INFO - get_response - Finshed getting response
2024-12-09 00:44:45,707 = INFO - get_response - Fetching response...
2024-12-09 00:44:53,180 = INFO - _write_to_file - Writing to C:\Users\ADMIN\Cloned_Projects\job-scraper\data.json
2024-12-09 00:44:54,193 = INFO - get_response - Finshed getting response
2024-12-09 00:44:54,705 = INFO - get_response - Fetching response...
2024-12-09 00:44:58,698 = INFO - _write_to_file - Writing to C:\Users\ADMIN\Cloned_Projects\job-scraper\data.json
2024-12-09 00:44:59,716 = INFO - get_response - Finshed getting response
2024-12-09 00:45:00,241 = INFO - get_response - Fetching response...
2024-12-09 00:45:06,033 = INFO - _write_to_file - Writing to C:\Users\ADMIN\Cloned_Projects\job-scraper\data.json
2024-12-09 00:45:07,041 = INFO - get_response - Finshed getting response
2024-12-09 00:45:07,550 = INFO - get_response - Fetching response...
2024-12-09 00:45:10,796 = INFO - _write_to_file - Writing to C:\Users\ADMIN\Cloned_Projects\job-scraper\data.json
2024-12-09 00:45:11,812 = INFO - get_response - Finshed getting response
2024-12-09 00:45:12,323 = INFO - get_response - Fetching response...
2024-12-09 00:45:16,079 = INFO - _write_to_file - Writing to C:\Users\ADMIN\Cloned_Projects\job-scraper\data.json
2024-12-09 00:45:17,094 = INFO - get_response - Finshed getting response
2024-12-09 00:45:17,602 = INFO - get_response - Fetching response...
2024-12-09 00:45:21,429 = INFO - _write_to_file - Writing to C:\Users\ADMIN\Cloned_Projects\job-scraper\data.json
2024-12-09 00:45:22,443 = INFO - get_response - Finshed getting response
2024-12-09 00:45:22,951 = INFO - get_response - Fetching response...
2024-12-09 00:45:26,597 = INFO - _write_to_file - Writing to C:\Users\ADMIN\Cloned_Projects\job-scraper\data.json
2024-12-09 00:45:27,609 = INFO - get_response - Finshed getting response
2024-12-09 00:45:28,125 = INFO - get_response - Fetching response...
2024-12-09 00:45:31,979 = INFO - _write_to_file - Writing to C:\Users\ADMIN\Cloned_Projects\job-scraper\data.json
2024-12-09 00:45:32,990 = INFO - get_response - Finshed getting response
2024-12-09 00:45:33,492 = INFO - get_response - Fetching response...
2024-12-09 00:45:41,992 = INFO - _write_to_file - Writing to C:\Users\ADMIN\Cloned_Projects\job-scraper\data.json
2024-12-09 00:45:43,001 = INFO - get_response - Finshed getting response
2024-12-09 00:45:43,511 = INFO - get_response - Fetching response...
2024-12-09 00:45:47,783 = INFO - _write_to_file - Writing to C:\Users\ADMIN\Cloned_Projects\job-scraper\data.json
2024-12-09 00:45:48,790 = INFO - get_response - Finshed getting response
2024-12-09 00:45:49,300 = INFO - get_response - Fetching response...
2024-12-09 00:45:56,438 = INFO - _write_to_file - Writing to C:\Users\ADMIN\Cloned_Projects\job-scraper\data.json
2024-12-09 00:45:57,450 = INFO - get_response - Finshed getting response
2024-12-09 00:45:57,977 = INFO - get_response - Fetching response...
2024-12-09 00:46:03,553 = INFO - _write_to_file - Writing to C:\Users\ADMIN\Cloned_Projects\job-scraper\data.json
2024-12-09 00:46:04,562 = INFO - get_response - Finshed getting response
2024-12-09 00:46:05,059 = INFO - get_response - Fetching response...
2024-12-09 00:46:09,513 = INFO - _write_to_file - Writing to C:\Users\ADMIN\Cloned_Projects\job-scraper\data.json
2024-12-09 00:46:10,525 = INFO - get_response - Finshed getting response
2024-12-09 00:46:11,041 = INFO - get_response - Fetching response...
2024-12-09 00:46:16,073 = INFO - _write_to_file - Writing to C:\Users\ADMIN\Cloned_Projects\job-scraper\data.json
2024-12-09 00:46:17,083 = INFO - get_response - Finshed getting response
2024-12-09 00:46:17,582 = INFO - get_response - Fetching response...
2024-12-09 00:46:22,828 = INFO - _write_to_file - Writing to C:\Users\ADMIN\Cloned_Projects\job-scraper\data.json
2024-12-09 00:46:23,839 = INFO - get_response - Finshed getting response
2024-12-09 00:46:24,353 = INFO - get_response - Fetching response...
2024-12-09 00:46:28,774 = INFO - _write_to_file - Writing to C:\Users\ADMIN\Cloned_Projects\job-scraper\data.json
2024-12-09 00:46:29,789 = INFO - get_response - Finshed getting response
2024-12-09 00:46:30,289 = INFO - get_response - Fetching response...
2024-12-09 00:46:33,792 = INFO - _write_to_file - Writing to C:\Users\ADMIN\Cloned_Projects\job-scraper\data.json
2024-12-09 00:46:34,806 = INFO - get_response - Finshed getting response
2024-12-09 00:46:35,304 = INFO - get_response - Fetching response...
2024-12-09 00:46:40,680 = INFO - _write_to_file - Writing to C:\Users\ADMIN\Cloned_Projects\job-scraper\data.json
2024-12-09 00:46:41,684 = INFO - get_response - Finshed getting response
2024-12-09 00:46:42,200 = INFO - get_response - Fetching response...
2024-12-09 00:46:46,187 = INFO - _write_to_file - Writing to C:\Users\ADMIN\Cloned_Projects\job-scraper\data.json
2024-12-09 00:46:47,189 = INFO - get_response - Finshed getting response
2024-12-09 00:46:47,695 = INFO - get_response - Fetching response...
2024-12-09 00:46:52,329 = INFO - _write_to_file - Writing to C:\Users\ADMIN\Cloned_Projects\job-scraper\data.json
2024-12-09 00:46:53,332 = INFO - get_response - Finshed getting response
2024-12-09 00:46:53,845 = INFO - get_response - Fetching response...
2024-12-09 00:46:59,058 = INFO - _write_to_file - Writing to C:\Users\ADMIN\Cloned_Projects\job-scraper\data.json
2024-12-09 00:47:00,072 = INFO - get_response - Finshed getting response
2024-12-09 00:47:00,583 = INFO - get_response - Fetching response...
2024-12-09 00:47:05,038 = INFO - _write_to_file - Writing to C:\Users\ADMIN\Cloned_Projects\job-scraper\data.json
2024-12-09 00:47:06,045 = INFO - get_response - Finshed getting response
2024-12-09 00:47:06,554 = INFO - get_response - Fetching response...
2024-12-09 00:47:10,875 = INFO - _write_to_file - Writing to C:\Users\ADMIN\Cloned_Projects\job-scraper\data.json
2024-12-09 00:47:11,887 = INFO - get_response - Finshed getting response
2024-12-09 00:47:12,400 = INFO - get_response - Fetching response...
2024-12-09 00:47:16,176 = INFO - _write_to_file - Writing to C:\Users\ADMIN\Cloned_Projects\job-scraper\data.json
2024-12-09 00:47:17,189 = INFO - get_response - Finshed getting response
2024-12-09 00:47:17,688 = INFO - get_response - Fetching response...
2024-12-09 00:47:21,316 = INFO - _write_to_file - Writing to C:\Users\ADMIN\Cloned_Projects\job-scraper\data.json
2024-12-09 00:47:22,317 = INFO - get_response - Finshed getting response
2024-12-09 00:47:22,818 = INFO - get_response - Fetching response...
2024-12-09 00:47:27,663 = INFO - _write_to_file - Writing to C:\Users\ADMIN\Cloned_Projects\job-scraper\data.json
2024-12-09 00:47:28,665 = INFO - get_response - Finshed getting response
2024-12-09 00:47:29,164 = INFO - get_response - Fetching response...
2024-12-09 00:47:33,075 = INFO - _write_to_file - Writing to C:\Users\ADMIN\Cloned_Projects\job-scraper\data.json
2024-12-09 00:47:34,087 = INFO - get_response - Finshed getting response
2024-12-09 00:47:34,587 = INFO - get_response - Fetching response...
2024-12-09 00:47:40,467 = INFO - _write_to_file - Writing to C:\Users\ADMIN\Cloned_Projects\job-scraper\data.json
2024-12-09 00:47:41,479 = INFO - get_response - Finshed getting response
2024-12-09 00:47:41,983 = INFO - get_response - Fetching response...
2024-12-09 00:47:48,113 = INFO - _write_to_file - Writing to C:\Users\ADMIN\Cloned_Projects\job-scraper\data.json
2024-12-09 00:47:49,118 = INFO - get_response - Finshed getting response
2024-12-09 00:47:49,620 = INFO - get_response - Fetching response...
2024-12-09 00:47:52,799 = INFO - _write_to_file - Writing to C:\Users\ADMIN\Cloned_Projects\job-scraper\data.json
2024-12-09 00:47:53,811 = INFO - get_response - Finshed getting response
2024-12-09 00:47:54,326 = INFO - get_response - Fetching response...
2024-12-09 00:47:58,859 = INFO - _write_to_file - Writing to C:\Users\ADMIN\Cloned_Projects\job-scraper\data.json
2024-12-09 00:47:59,862 = INFO - get_response - Finshed getting response
2024-12-09 00:48:00,360 = INFO - get_response - Fetching response...
2024-12-09 00:48:04,673 = INFO - _write_to_file - Writing to C:\Users\ADMIN\Cloned_Projects\job-scraper\data.json
2024-12-09 00:48:05,678 = INFO - get_response - Finshed getting response
2024-12-09 00:48:06,177 = INFO - get_response - Fetching response...
2024-12-09 00:48:09,663 = INFO - _write_to_file - Writing to C:\Users\ADMIN\Cloned_Projects\job-scraper\data.json
2024-12-09 00:48:10,677 = INFO - get_response - Finshed getting response
2024-12-09 00:48:11,177 = INFO - get_response - Fetching response...
2024-12-09 00:48:19,889 = INFO - _write_to_file - Writing to C:\Users\ADMIN\Cloned_Projects\job-scraper\data.json
2024-12-09 00:48:20,903 = INFO - get_response - Finshed getting response
2024-12-09 00:48:21,416 = INFO - get_response - Fetching response...
2024-12-09 00:48:25,216 = INFO - _write_to_file - Writing to C:\Users\ADMIN\Cloned_Projects\job-scraper\data.json
2024-12-09 00:48:26,221 = INFO - get_response - Finshed getting response
2024-12-09 00:48:26,735 = INFO - get_response - Fetching response...
2024-12-09 00:48:30,802 = INFO - _write_to_file - Writing to C:\Users\ADMIN\Cloned_Projects\job-scraper\data.json
2024-12-09 00:48:31,819 = INFO - get_response - Finshed getting response
2024-12-09 00:48:32,327 = INFO - get_response - Fetching response...
2024-12-09 00:48:41,276 = INFO - _write_to_file - Writing to C:\Users\ADMIN\Cloned_Projects\job-scraper\data.json
2024-12-09 00:48:42,289 = INFO - get_response - Finshed getting response
2024-12-09 00:48:42,802 = INFO - get_response - Fetching response...
2024-12-09 00:48:46,352 = INFO - _write_to_file - Writing to C:\Users\ADMIN\Cloned_Projects\job-scraper\data.json
2024-12-09 00:48:47,363 = INFO - get_response - Finshed getting response
2024-12-09 00:48:47,860 = INFO - get_response - Fetching response...
2024-12-09 00:48:55,014 = INFO - _write_to_file - Writing to C:\Users\ADMIN\Cloned_Projects\job-scraper\data.json
2024-12-09 00:48:56,022 = INFO - get_response - Finshed getting response
2024-12-09 00:48:56,521 = INFO - get_response - Fetching response...
2024-12-09 00:49:01,318 = INFO - _write_to_file - Writing to C:\Users\ADMIN\Cloned_Projects\job-scraper\data.json
2024-12-09 00:49:02,325 = INFO - get_response - Finshed getting response
2024-12-09 00:49:02,839 = INFO - get_response - Fetching response...
2024-12-09 00:49:07,269 = INFO - _write_to_file - Writing to C:\Users\ADMIN\Cloned_Projects\job-scraper\data.json
2024-12-09 00:49:08,279 = INFO - get_response - Finshed getting response
2024-12-09 00:49:08,806 = INFO - get_response - Fetching response...
2024-12-09 00:49:11,816 = INFO - _write_to_file - Writing to C:\Users\ADMIN\Cloned_Projects\job-scraper\data.json
2024-12-09 00:49:12,826 = INFO - get_response - Finshed getting response
2024-12-09 00:49:13,339 = INFO - get_response - Fetching response...
2024-12-09 00:49:18,309 = INFO - _write_to_file - Writing to C:\Users\ADMIN\Cloned_Projects\job-scraper\data.json
2024-12-09 00:49:19,318 = INFO - get_response - Finshed getting response
2024-12-09 00:49:19,818 = INFO - get_response - Fetching response...
2024-12-09 00:49:23,501 = INFO - _write_to_file - Writing to C:\Users\ADMIN\Cloned_Projects\job-scraper\data.json
2024-12-09 00:49:24,504 = INFO - get_response - Finshed getting response
2024-12-09 00:49:25,000 = INFO - get_response - Fetching response...
2024-12-09 00:49:29,233 = INFO - _write_to_file - Writing to C:\Users\ADMIN\Cloned_Projects\job-scraper\data.json
2024-12-09 00:49:30,246 = INFO - get_response - Finshed getting response
2024-12-09 00:49:30,747 = INFO - get_response - Fetching response...
2024-12-09 00:49:35,523 = INFO - _write_to_file - Writing to C:\Users\ADMIN\Cloned_Projects\job-scraper\data.json
2024-12-09 00:49:36,534 = INFO - get_response - Finshed getting response
2024-12-09 00:49:37,046 = INFO - get_response - Fetching response...
2024-12-09 00:49:40,875 = INFO - _write_to_file - Writing to C:\Users\ADMIN\Cloned_Projects\job-scraper\data.json
2024-12-09 00:49:41,883 = INFO - get_response - Finshed getting response
2024-12-09 00:49:42,378 = INFO - get_response - Fetching response...
2024-12-09 00:49:48,036 = INFO - _write_to_file - Writing to C:\Users\ADMIN\Cloned_Projects\job-scraper\data.json
2024-12-09 00:49:49,045 = INFO - get_response - Finshed getting response
2024-12-09 00:49:49,559 = INFO - get_response - Fetching response...
2024-12-09 00:49:56,402 = INFO - _write_to_file - Writing to C:\Users\ADMIN\Cloned_Projects\job-scraper\data.json
2024-12-09 00:49:57,409 = INFO - get_response - Finshed getting response
2024-12-09 00:49:57,917 = INFO - get_response - Fetching response...
2024-12-09 00:50:03,358 = INFO - _write_to_file - Writing to C:\Users\ADMIN\Cloned_Projects\job-scraper\data.json
2024-12-09 00:50:04,363 = INFO - get_response - Finshed getting response
2024-12-09 00:50:04,875 = INFO - get_response - Fetching response...
2024-12-09 00:50:12,598 = INFO - _write_to_file - Writing to C:\Users\ADMIN\Cloned_Projects\job-scraper\data.json
2024-12-09 00:50:13,605 = INFO - get_response - Finshed getting response
2024-12-09 00:50:14,121 = INFO - get_response - Fetching response...
2024-12-09 00:50:18,244 = INFO - _write_to_file - Writing to C:\Users\ADMIN\Cloned_Projects\job-scraper\data.json
2024-12-09 00:50:19,259 = INFO - get_response - Finshed getting response
2024-12-09 00:50:19,769 = INFO - get_response - Fetching response...
2024-12-09 00:50:27,343 = INFO - _write_to_file - Writing to C:\Users\ADMIN\Cloned_Projects\job-scraper\data.json
2024-12-09 00:50:28,346 = INFO - get_response - Finshed getting response
2024-12-09 00:50:28,858 = INFO - get_response - Fetching response...
2024-12-09 00:50:32,398 = INFO - _write_to_file - Writing to C:\Users\ADMIN\Cloned_Projects\job-scraper\data.json
2024-12-09 00:50:33,400 = INFO - get_response - Finshed getting response
2024-12-09 00:50:33,915 = INFO - get_response - Fetching response...
2024-12-09 00:50:40,783 = INFO - _write_to_file - Writing to C:\Users\ADMIN\Cloned_Projects\job-scraper\data.json
2024-12-09 00:50:41,789 = INFO - get_response - Finshed getting response
2024-12-09 00:50:42,303 = INFO - get_response - Fetching response...
2024-12-09 00:50:48,156 = INFO - _write_to_file - Writing to C:\Users\ADMIN\Cloned_Projects\job-scraper\data.json
2024-12-09 00:50:49,167 = INFO - get_response - Finshed getting response
2024-12-09 00:50:49,677 = INFO - get_response - Fetching response...
2024-12-09 00:50:54,957 = INFO - _write_to_file - Writing to C:\Users\ADMIN\Cloned_Projects\job-scraper\data.json
2024-12-09 00:50:55,972 = INFO - get_response - Finshed getting response
2024-12-09 00:50:56,487 = INFO - get_response - Fetching response...
2024-12-09 00:50:59,596 = INFO - _write_to_file - Writing to C:\Users\ADMIN\Cloned_Projects\job-scraper\data.json
2024-12-09 00:51:00,610 = INFO - get_response - Finshed getting response
2024-12-09 00:51:01,125 = INFO - get_response - Fetching response...
2024-12-09 00:51:08,654 = INFO - _write_to_file - Writing to C:\Users\ADMIN\Cloned_Projects\job-scraper\data.json
2024-12-09 00:51:09,661 = INFO - get_response - Finshed getting response
2024-12-09 00:51:10,174 = INFO - get_response - Fetching response...
2024-12-09 00:51:14,449 = INFO - _write_to_file - Writing to C:\Users\ADMIN\Cloned_Projects\job-scraper\data.json
2024-12-09 00:51:15,455 = INFO - get_response - Finshed getting response
2024-12-09 00:51:15,955 = INFO - get_response - Fetching response...
2024-12-09 00:51:20,268 = INFO - _write_to_file - Writing to C:\Users\ADMIN\Cloned_Projects\job-scraper\data.json
2024-12-09 00:51:21,277 = INFO - get_response - Finshed getting response
2024-12-09 00:51:21,791 = INFO - get_response - Fetching response...
2024-12-09 00:51:26,906 = INFO - _write_to_file - Writing to C:\Users\ADMIN\Cloned_Projects\job-scraper\data.json
2024-12-09 00:51:27,915 = INFO - get_response - Finshed getting response
2024-12-09 00:51:28,413 = INFO - get_response - Fetching response...
2024-12-09 00:51:32,265 = INFO - _write_to_file - Writing to C:\Users\ADMIN\Cloned_Projects\job-scraper\data.json
2024-12-09 00:51:33,281 = INFO - get_response - Finshed getting response
2024-12-09 00:51:33,796 = INFO - get_response - Fetching response...
2024-12-09 00:51:36,902 = INFO - _write_to_file - Writing to C:\Users\ADMIN\Cloned_Projects\job-scraper\data.json
2024-12-09 00:51:37,912 = INFO - get_response - Finshed getting response
2024-12-09 00:51:38,409 = INFO - get_response - Fetching response...
2024-12-09 00:51:42,530 = INFO - _write_to_file - Writing to C:\Users\ADMIN\Cloned_Projects\job-scraper\data.json
2024-12-09 00:51:43,547 = INFO - get_response - Finshed getting response
2024-12-09 00:51:44,059 = INFO - get_response - Fetching response...
2024-12-09 00:51:48,595 = INFO - _write_to_file - Writing to C:\Users\ADMIN\Cloned_Projects\job-scraper\data.json
2024-12-09 00:51:49,605 = INFO - get_response - Finshed getting response
2024-12-09 00:51:50,120 = INFO - get_response - Fetching response...
2024-12-09 00:51:53,709 = INFO - _write_to_file - Writing to C:\Users\ADMIN\Cloned_Projects\job-scraper\data.json
2024-12-09 00:51:54,716 = INFO - get_response - Finshed getting response
2024-12-09 00:51:55,232 = INFO - get_response - Fetching response...
2024-12-09 00:52:00,843 = INFO - _write_to_file - Writing to C:\Users\ADMIN\Cloned_Projects\job-scraper\data.json
2024-12-09 00:52:01,847 = INFO - get_response - Finshed getting response
2024-12-09 00:52:02,348 = INFO - get_response - Fetching response...
2024-12-09 00:52:05,517 = INFO - _write_to_file - Writing to C:\Users\ADMIN\Cloned_Projects\job-scraper\data.json
2024-12-09 00:52:06,525 = INFO - get_response - Finshed getting response
2024-12-09 00:52:07,033 = INFO - get_response - Fetching response...
2024-12-09 00:52:11,651 = INFO - _write_to_file - Writing to C:\Users\ADMIN\Cloned_Projects\job-scraper\data.json
2024-12-09 00:52:12,660 = INFO - get_response - Finshed getting response
2024-12-09 00:52:13,158 = INFO - get_response - Fetching response...
2024-12-09 00:52:17,874 = INFO - _write_to_file - Writing to C:\Users\ADMIN\Cloned_Projects\job-scraper\data.json
2024-12-09 00:52:18,889 = INFO - get_response - Finshed getting response
2024-12-09 00:52:19,414 = INFO - get_response - Fetching response...
2024-12-09 00:52:23,609 = INFO - _write_to_file - Writing to C:\Users\ADMIN\Cloned_Projects\job-scraper\data.json
2024-12-09 00:52:24,613 = INFO - get_response - Finshed getting response
2024-12-09 00:52:25,125 = INFO - get_response - Fetching response...
2024-12-09 00:52:29,275 = INFO - _write_to_file - Writing to C:\Users\ADMIN\Cloned_Projects\job-scraper\data.json
2024-12-09 00:52:30,292 = INFO - get_response - Finshed getting response
2024-12-09 00:52:30,791 = INFO - get_response - Fetching response...
2024-12-09 00:52:35,850 = INFO - _write_to_file - Writing to C:\Users\ADMIN\Cloned_Projects\job-scraper\data.json
2024-12-09 00:52:36,862 = INFO - get_response - Finshed getting response
2024-12-09 00:52:37,371 = INFO - get_response - Fetching response...
2024-12-09 00:52:41,435 = INFO - _write_to_file - Writing to C:\Users\ADMIN\Cloned_Projects\job-scraper\data.json
2024-12-09 00:52:42,438 = INFO - get_response - Finshed getting response
2024-12-09 00:52:42,951 = INFO - get_response - Fetching response...
2024-12-09 00:52:49,306 = INFO - _write_to_file - Writing to C:\Users\ADMIN\Cloned_Projects\job-scraper\data.json
2024-12-09 00:52:50,322 = INFO - get_response - Finshed getting response
2024-12-09 00:52:50,821 = INFO - get_response - Fetching response...
2024-12-09 00:52:54,696 = INFO - _write_to_file - Writing to C:\Users\ADMIN\Cloned_Projects\job-scraper\data.json
2024-12-09 00:52:55,708 = INFO - get_response - Finshed getting response
2024-12-09 00:52:56,214 = INFO - get_response - Fetching response...
2024-12-09 00:53:02,557 = INFO - _write_to_file - Writing to C:\Users\ADMIN\Cloned_Projects\job-scraper\data.json
2024-12-09 00:53:03,568 = INFO - get_response - Finshed getting response
2024-12-09 00:53:04,073 = INFO - get_response - Fetching response...
2024-12-09 00:53:06,840 = INFO - _write_to_file - Writing to C:\Users\ADMIN\Cloned_Projects\job-scraper\data.json
2024-12-09 00:53:07,853 = INFO - get_response - Finshed getting response
2024-12-09 00:53:08,356 = INFO - get_response - Fetching response...
2024-12-09 00:53:10,761 = INFO - _write_to_file - Writing to C:\Users\ADMIN\Cloned_Projects\job-scraper\data.json
2024-12-09 00:53:11,764 = INFO - get_response - Finshed getting response
2024-12-09 00:53:12,277 = INFO - get_response - Fetching response...
2024-12-09 00:53:16,622 = INFO - _write_to_file - Writing to C:\Users\ADMIN\Cloned_Projects\job-scraper\data.json
2024-12-09 00:53:17,629 = INFO - get_response - Finshed getting response
2024-12-09 00:53:18,136 = INFO - get_response - Fetching response...
2024-12-09 00:53:21,508 = INFO - _write_to_file - Writing to C:\Users\ADMIN\Cloned_Projects\job-scraper\data.json
2024-12-09 00:53:22,518 = INFO - get_response - Finshed getting response
2024-12-09 00:53:23,024 = INFO - get_response - Fetching response...
2024-12-09 00:53:26,234 = INFO - _write_to_file - Writing to C:\Users\ADMIN\Cloned_Projects\job-scraper\data.json
2024-12-09 00:53:27,245 = INFO - get_response - Finshed getting response
2024-12-09 00:53:27,756 = INFO - get_response - Fetching response...
2024-12-09 00:53:32,376 = INFO - _write_to_file - Writing to C:\Users\ADMIN\Cloned_Projects\job-scraper\data.json
2024-12-09 00:53:33,383 = INFO - get_response - Finshed getting response
2024-12-09 00:53:33,883 = INFO - get_response - Fetching response...
2024-12-09 00:53:38,301 = INFO - _write_to_file - Writing to C:\Users\ADMIN\Cloned_Projects\job-scraper\data.json
2024-12-09 00:53:39,314 = INFO - get_response - Finshed getting response
2024-12-09 00:53:39,828 = INFO - get_response - Fetching response...
2024-12-09 00:53:44,002 = INFO - _write_to_file - Writing to C:\Users\ADMIN\Cloned_Projects\job-scraper\data.json
2024-12-09 00:53:45,018 = INFO - get_response - Finshed getting response
2024-12-09 00:53:45,530 = INFO - get_response - Fetching response...
2024-12-09 00:53:51,231 = INFO - _write_to_file - Writing to C:\Users\ADMIN\Cloned_Projects\job-scraper\data.json
2024-12-09 00:53:52,241 = INFO - get_response - Finshed getting response
2024-12-09 00:53:52,737 = INFO - get_response - Fetching response...
2024-12-09 00:53:56,521 = INFO - _write_to_file - Writing to C:\Users\ADMIN\Cloned_Projects\job-scraper\data.json
2024-12-09 00:53:57,535 = INFO - get_response - Finshed getting response
2024-12-09 00:53:58,034 = INFO - get_response - Fetching response...
2024-12-09 00:54:02,843 = INFO - _write_to_file - Writing to C:\Users\ADMIN\Cloned_Projects\job-scraper\data.json
2024-12-09 00:54:03,844 = INFO - get_response - Finshed getting response
2024-12-09 00:54:04,360 = INFO - get_response - Fetching response...
2024-12-09 00:54:08,843 = INFO - _write_to_file - Writing to C:\Users\ADMIN\Cloned_Projects\job-scraper\data.json
2024-12-09 00:54:09,854 = INFO - get_response - Finshed getting response
2024-12-09 00:54:10,351 = INFO - get_response - Fetching response...
2024-12-09 00:54:15,203 = INFO - _write_to_file - Writing to C:\Users\ADMIN\Cloned_Projects\job-scraper\data.json
2024-12-09 00:54:16,213 = INFO - get_response - Finshed getting response
2024-12-09 00:54:16,711 = INFO - get_response - Fetching response...
2024-12-09 00:54:23,522 = INFO - _write_to_file - Writing to C:\Users\ADMIN\Cloned_Projects\job-scraper\data.json
2024-12-09 00:54:24,536 = INFO - get_response - Finshed getting response
2024-12-09 00:54:25,036 = INFO - get_response - Fetching response...
2024-12-09 00:54:30,651 = INFO - _write_to_file - Writing to C:\Users\ADMIN\Cloned_Projects\job-scraper\data.json
2024-12-09 00:54:31,666 = INFO - get_response - Finshed getting response
2024-12-09 00:54:32,175 = INFO - get_response - Fetching response...
2024-12-09 00:54:36,025 = INFO - _write_to_file - Writing to C:\Users\ADMIN\Cloned_Projects\job-scraper\data.json
2024-12-09 00:54:37,034 = INFO - get_response - Finshed getting response
2024-12-09 00:54:37,543 = INFO - get_response - Fetching response...
2024-12-09 00:54:41,555 = INFO - _write_to_file - Writing to C:\Users\ADMIN\Cloned_Projects\job-scraper\data.json
2024-12-09 00:54:42,573 = INFO - get_response - Finshed getting response
2024-12-09 00:54:43,084 = INFO - get_response - Fetching response...
2024-12-09 00:54:48,515 = INFO - _write_to_file - Writing to C:\Users\ADMIN\Cloned_Projects\job-scraper\data.json
2024-12-09 00:54:49,527 = INFO - get_response - Finshed getting response
2024-12-09 00:54:50,025 = INFO - get_response - Fetching response...
2024-12-09 00:54:54,312 = INFO - _write_to_file - Writing to C:\Users\ADMIN\Cloned_Projects\job-scraper\data.json
2024-12-09 00:54:55,317 = INFO - get_response - Finshed getting response
2024-12-09 00:54:55,828 = INFO - get_response - Fetching response...
2024-12-09 00:55:02,981 = INFO - _write_to_file - Writing to C:\Users\ADMIN\Cloned_Projects\job-scraper\data.json
2024-12-09 00:55:03,993 = INFO - get_response - Finshed getting response
2024-12-09 00:55:04,494 = INFO - get_response - Fetching response...
2024-12-09 00:55:08,520 = INFO - _write_to_file - Writing to C:\Users\ADMIN\Cloned_Projects\job-scraper\data.json
2024-12-09 00:55:09,522 = INFO - get_response - Finshed getting response
2024-12-09 00:55:10,033 = INFO - get_response - Fetching response...
2024-12-09 00:55:10,691 = INFO - get_response - Finshed getting response
2024-12-09 00:55:11,200 = INFO - get_response - Fetching response...
2024-12-09 00:55:11,876 = INFO - get_response - Finshed getting response
2024-12-09 00:55:12,378 = INFO - get_response - Fetching response...
2024-12-09 00:55:13,085 = INFO - get_response - Finshed getting response
2024-12-09 00:55:13,581 = INFO - get_response - Fetching response...
2024-12-09 00:55:14,290 = INFO - get_response - Finshed getting response
2024-12-09 00:55:14,791 = INFO - get_response - Fetching response...
2024-12-09 00:55:15,496 = INFO - get_response - Finshed getting response
2024-12-09 00:55:16,017 = INFO - get_response - Fetching response...
2024-12-09 00:55:16,705 = INFO - get_response - Finshed getting response
2024-12-09 00:55:17,211 = INFO - get_response - Fetching response...
2024-12-09 00:55:17,694 = INFO - get_response - Finshed getting response
2024-12-09 00:55:18,205 = INFO - get_response - Fetching response...
2024-12-09 00:55:18,921 = INFO - get_response - Finshed getting response
2024-12-09 00:55:19,447 = INFO - get_response - Fetching response...
2024-12-09 00:55:20,199 = INFO - get_response - Finshed getting response
2024-12-09 00:55:20,699 = INFO - get_response - Fetching response...
2024-12-09 00:55:21,461 = INFO - get_response - Finshed getting response
2024-12-09 00:55:21,960 = INFO - get_response - Fetching response...
2024-12-09 00:55:22,731 = INFO - get_response - Finshed getting response
2024-12-09 00:55:23,245 = INFO - get_response - Fetching response...
2024-12-09 00:55:24,014 = INFO - get_response - Finshed getting response
2024-12-09 00:55:24,540 = INFO - get_response - Fetching response...
2024-12-09 00:55:25,326 = INFO - get_response - Finshed getting response
2024-12-09 00:55:25,842 = INFO - get_response - Fetching response...
2024-12-09 00:55:26,639 = INFO - get_response - Finshed getting response
2024-12-09 00:55:27,161 = INFO - get_response - Fetching response...
2024-12-09 00:55:27,994 = INFO - get_response - Finshed getting response
2024-12-09 00:55:28,497 = INFO - get_response - Fetching response...
2024-12-09 00:55:29,318 = INFO - get_response - Finshed getting response
2024-12-09 00:55:29,831 = INFO - get_response - Fetching response...
2024-12-09 00:55:30,645 = INFO - get_response - Finshed getting response
2024-12-09 00:55:31,145 = INFO - get_response - Fetching response...
2024-12-09 00:55:31,670 = INFO - get_response - Finshed getting response
2024-12-09 00:55:32,185 = INFO - get_response - Fetching response...
2024-12-09 00:55:33,708 = INFO - get_response - Finshed getting response
2024-12-09 00:55:34,204 = INFO - get_response - Fetching response...
2024-12-09 00:55:34,790 = INFO - get_response - Finshed getting response
2024-12-09 00:55:35,298 = INFO - get_response - Fetching response...
2024-12-09 00:55:36,149 = INFO - get_response - Finshed getting response
2024-12-09 00:55:36,654 = INFO - get_response - Fetching response...
2024-12-09 00:55:37,568 = INFO - get_response - Finshed getting response
2024-12-09 00:55:38,068 = INFO - get_response - Fetching response...
2024-12-09 00:55:38,961 = INFO - get_response - Finshed getting response
2024-12-09 00:55:39,462 = INFO - get_response - Fetching response...
2024-12-09 00:55:40,291 = INFO - get_response - Finshed getting response
2024-12-09 00:55:40,795 = INFO - get_response - Fetching response...
2024-12-09 00:55:41,682 = INFO - get_response - Finshed getting response
2024-12-09 00:55:42,178 = INFO - get_response - Fetching response...
2024-12-09 00:55:42,762 = INFO - get_response - Finshed getting response
2024-12-09 00:55:43,280 = INFO - get_response - Fetching response...
2024-12-09 00:55:44,161 = INFO - get_response - Finshed getting response
2024-12-09 00:55:44,668 = INFO - get_response - Fetching response...
2024-12-09 00:55:45,544 = INFO - get_response - Finshed getting response
2024-12-09 00:55:46,064 = INFO - get_response - Fetching response...
2024-12-09 00:55:46,651 = INFO - get_response - Finshed getting response
2024-12-09 00:55:47,147 = INFO - get_response - Fetching response...
2024-12-09 00:55:48,095 = INFO - get_response - Finshed getting response
2024-12-09 00:55:48,599 = INFO - get_response - Fetching response...
2024-12-09 00:55:49,221 = INFO - get_response - Finshed getting response
2024-12-09 00:55:49,733 = INFO - get_response - Fetching response...
2024-12-09 00:55:50,707 = INFO - get_response - Finshed getting response
2024-12-09 00:55:51,207 = INFO - get_response - Fetching response...
2024-12-09 00:55:52,124 = INFO - get_response - Finshed getting response
2024-12-09 00:55:52,642 = INFO - get_response - Fetching response...
2024-12-09 00:55:53,291 = INFO - get_response - Finshed getting response
2024-12-09 00:55:53,787 = INFO - get_response - Fetching response...
2024-12-09 00:55:54,799 = INFO - get_response - Finshed getting response
2024-12-09 00:55:55,295 = INFO - get_response - Fetching response...
2024-12-09 00:55:56,246 = INFO - get_response - Finshed getting response
2024-12-09 00:55:56,768 = INFO - get_response - Fetching response...
2024-12-09 00:55:57,442 = INFO - get_response - Finshed getting response
2024-12-09 00:55:57,951 = INFO - get_response - Fetching response...
2024-12-09 00:55:58,663 = INFO - get_response - Finshed getting response
2024-12-09 00:55:59,158 = INFO - get_response - Fetching response...
2024-12-09 00:56:00,150 = INFO - get_response - Finshed getting response
2024-12-09 00:56:00,647 = INFO - get_response - Fetching response...
2024-12-09 00:56:01,739 = INFO - get_response - Finshed getting response
2024-12-09 00:56:02,244 = INFO - get_response - Fetching response...
2024-12-09 00:56:03,233 = INFO - get_response - Finshed getting response
2024-12-09 00:56:03,750 = INFO - get_response - Fetching response...
2024-12-09 00:56:04,959 = INFO - get_response - Finshed getting response
2024-12-09 00:56:05,459 = INFO - get_response - Fetching response...
2024-12-09 00:56:06,753 = INFO - get_response - Finshed getting response
2024-12-09 00:56:07,253 = INFO - get_response - Fetching response...
2024-12-09 00:56:08,222 = INFO - get_response - Finshed getting response
2024-12-09 00:56:08,721 = INFO - get_response - Fetching response...
2024-12-09 00:56:09,731 = INFO - get_response - Finshed getting response
2024-12-09 00:56:10,246 = INFO - get_response - Fetching response...
2024-12-09 00:56:11,349 = INFO - get_response - Finshed getting response
2024-12-09 00:56:11,852 = INFO - get_response - Fetching response...
2024-12-09 00:56:13,623 = INFO - get_response - Finshed getting response
2024-12-09 00:56:14,133 = INFO - get_response - Fetching response...
2024-12-09 00:56:15,166 = INFO - get_response - Finshed getting response
2024-12-09 00:56:15,668 = INFO - get_response - Fetching response...
2024-12-09 00:56:16,714 = INFO - get_response - Finshed getting response
2024-12-09 00:56:17,213 = INFO - get_response - Fetching response...
2024-12-09 00:56:18,313 = INFO - get_response - Finshed getting response
2024-12-09 00:56:18,822 = INFO - get_response - Fetching response...
2024-12-09 00:56:20,026 = INFO - get_response - Finshed getting response
2024-12-09 00:56:20,522 = INFO - get_response - Fetching response...
2024-12-09 00:56:21,257 = INFO - get_response - Finshed getting response
2024-12-09 00:57:49,957 = INFO - init_scraper - Closing browser...
